WARNING: ignoring environment value of R_HOME
[1] "Fri Dec 10 15:34:21 2021"
[1] "libraries"
[1] "loading files"
[1] "/home/jdominguez1/B64_DIAMETR/Dades/REGICOR/metildiet_with_cells_and_rightVars_450.RData"
[1] "/home/jdominguez1/meth/mt_regicor_450.RData"
[1] "rmed_b"
[1] "/home/jdominguez1/B64_DIAMETR/Scripts/REGICOR/sv/450k/num_covar.sh"
[1] "/home/jdominguez1/B64_DIAMETR/Scripts/REGICOR/sv/450k/chr_covar.sh"
[1] "/home/jdominguez1/B64_DIAMETR/Scripts/REGICOR/sv/450k/rmed"
[1] "pheno_sva_"
[1] "Load Pheno"
'data.frame':	579 obs. of  59 variables:
 $ Sample_ID    : chr  "A2200001635007052802" "A2200001657007052802" "A2200001820007052802" "A2200001833007052802" ...
 $ BMI          : num  26.5 27 29 27.1 21.4 ...
 $ CD8T         : num  0.04304 0.00974 0 0.11083 0.05162 ...
 $ CD4T         : num  0.0795 0.1989 0.2136 0.1287 0.2383 ...
 $ NK           : num  0.1325 0.0807 0.0628 0.0233 0.1337 ...
 $ Bcell        : num  0.0276 0.0387 0.0157 0.0385 0.0428 ...
 $ Mono         : num  0.0833 0.0541 0.07 0.1089 0.0987 ...
 $ Gran         : num  0.625 0.611 0.615 0.574 0.419 ...
 $ parti        : num  1635 1657 1820 1833 1866 ...
 $ sample_name  : chr  "9533774091_R01C01" "9533774091_R05C01" "8963311105_R04C02" "8963311060_R06C02" ...
 $ pool_id      : chr  "450K" "450K" "450K" "450K" ...
 $ sexe         : num  1 1 1 1 1 1 1 1 1 1 ...
 $ estudi       : chr  "A22" "A22" "A22" "A22" ...
 $ datnaix      : num  -4792 -5809 -11185 -8534 -16047 ...
 $ datinclu_b   : num  12468 12471 12488 12489 12488 ...
 $ edat_b       : num  47 50 64 57 78 56 53 53 66 65 ...
 $ rural        : num  1 1 1 1 1 1 1 1 1 1 ...
 $ cno_b        : num  401 341 999 341 911 281 513 341 501 533 ...
 $ niv_esco_b   : num  1 1 3 3 4 2 3 1 4 4 ...
 $ csocial_b    : Factor w/ 3 levels "1","3","4": 2 1 NA 1 3 1 3 1 3 3 ...
 $ alto_b       : num  1.65 1.59 1.61 1.56 1.46 1.48 1.53 1.58 1.56 1.6 ...
 $ pes_b        : num  64 57 78 67 58 55 72 54 54 87 ...
 $ imc_b        : num  23.5 22.5 30.1 27.5 27.2 ...
 $ cint_b       : num  NA NA 102 NA NA NA NA NA NA NA ...
 $ infota_b     : num  2 2 2 2 1 2 2 2 2 1 ...
 $ medita_b     : num  2 2 2 2 1 2 2 2 2 1 ...
 $ infcol_b     : num  2 1 1 2 2 2 1 2 1 2 ...
 $ medicol_b    : num  2 1 2 8 8 8 1 8 1 8 ...
 $ dietglu_b    : num  2 2 2 2 2 2 1 2 1 2 ...
 $ mediglu_b    : num  2 2 2 2 2 2 2 2 1 2 ...
 $ insuli_b     : num  2 2 2 2 2 2 2 2 2 2 ...
 $ infoglu_b    : num  2 2 1 2 2 2 2 2 1 2 ...
 $ gluco_b      : num  72 93 103 99 108 81 118 88 157 124 ...
 $ coltot_b     : num  147 232 293 224 187 205 207 201 186 185 ...
 $ hdl_b        : num  65.6 73 53 30 38 40 51 50 44.1 45.6 ...
 $ ldl_b        : num  72 94 196 159 126 147 135 132 122 111 ...
 $ trigli_b     : num  48 75 153 182 115 91 106 100 100 145 ...
 $ psisese1_b   : num  NA NA NA NA NA 144 NA NA NA NA ...
 $ pdisese1_b   : num  NA NA NA NA NA 96 NA NA NA NA ...
 $ psisese2_b   : num  NA NA NA NA NA 131 NA NA NA NA ...
 $ pdisese2_b   : num  NA NA NA NA NA 92 NA NA NA NA ...
 $ psisese3_b   : num  NA NA NA NA NA 127 NA NA NA NA ...
 $ pdisese3_b   : num  NA NA NA NA NA 92 NA NA NA NA ...
 $ diab_b       : Factor w/ 2 levels "0","1": 1 1 2 1 1 1 1 1 2 1 ...
 $ htasimple_b  : Factor w/ 2 levels "0","1": 1 1 2 1 2 2 1 1 1 2 ...
 $ smoke_6_b    : num  2 2 0 0 0 0 2 0 0 0 ...
 $ itbesquerra_b: num  1.222 0.857 1.172 0.968 0.875 ...
 $ geaf_tot_b   : num  36 154 139 301 40 ...
 $ geaf_int_b   : num  0 0 39.6 45.6 5 ...
 $ geaf_mod_b   : num  36 47 67.5 108 0 0 126 52.4 24.7 0 ...
 $ geaf_lig_b   : num  0 106.5 31.5 147.5 35 ...
 $ itbdret_b    : num  1.222 0.9 1.138 1.129 0.938 ...
 $ kcal_b       : num  3132 2754 3422 1640 2446 ...
 $ mds_b        : num  5 6 3 7 3 2 6 8 4 3 ...
 $ mmds_b       : num  11 21 9 20 9 4 16 19 16 9 ...
 $ rmed_b       : num  7 13 4 12 5 5 12 10 6 5 ...
 $ hdi_b        : num  3 3 2 4 2 1 2 5 4 2 ...
 $ dashf_b      : num  20 37 21 33 24 17 26 32 35 20 ...
 $ hpdi_b       : num  40 74 41 61 55 46 58 66 74 48 ...
[1] "Load covariates"
      V1
1   CD8T
2   CD4T
3     NK
4  Bcell
5   Mono
6   Gran
7 edat_b
8 kcal_b
         V1
1      sexe
2 smoke_6_b
[1] 8
[1] 2
[1] "free_text"
[1] "Load methylation data - mvals"
                  cg00000029 cg00000108 cg00000109
9533774091_R01C01 -1.3337027 -0.3581759 -0.7401257
9533774091_R05C01  0.3536695  0.4880260  0.6207039
8963311059_R05C02  0.3964341  0.7907589  0.4239464
[1] FALSE
[1] "Same dim"
[1] TRUE
[1] TRUE
[1] "Pheno variables"
         CD8T       CD4T         NK      Bcell       Mono      Gran edat_b
1 0.043044314 0.07947928 0.13251269 0.02763312 0.08327412 0.6249277     47
2 0.009744013 0.19889354 0.08065739 0.03866129 0.05413351 0.6106053     50
3 0.000000000 0.21362311 0.06276603 0.01572609 0.06997143 0.6145418     64
4 0.110831865 0.12874214 0.02331371 0.03846937 0.10887115 0.5736183     57
5 0.051616167 0.23829056 0.13366418 0.04280704 0.09866474 0.4193254     78
6 0.030448838 0.18445770 0.06483127 0.01752343 0.09845263 0.5734200     56
    kcal_b sexe smoke_6_b       sample_name rmed_b
1 3131.510    1         2 9533774091_R01C01      7
2 2753.745    1         2 9533774091_R05C01     13
3 3421.857    1         0 8963311105_R04C02      4
4 1640.232    1         0 8963311060_R06C02     12
5 2446.429    1         0 8963311139_R04C02      5
6 2600.451    1         0 8963311060_R05C01      5
 [1] "CD8T"        "CD4T"        "NK"          "Bcell"       "Mono"       
 [6] "Gran"        "edat_b"      "kcal_b"      "sexe"        "smoke_6_b"  
[11] "sample_name" "rmed_b"     
[1] 573  12
[1] 573  12
[1] "mt_val_matrix_t"
[1] 573  12
[1] 417573    573
[1] "models"
[1] "num.sv(na.omit(mt_val),model.matrix(~ rmed_b + CD8T + CD4T + NK + Bcell + Mono + Gran + edat_b + kcal_b + as.factor( sexe ) + as.factor( smoke_6_b ),data=pheno)method=\"leek\",seed=123)"
[1] "sva(na.omit(mt_val),model.matrix(~ rmed_b + CD8T + CD4T + NK + Bcell + Mono + Gran + edat_b + kcal_b + as.factor( sexe ) + as.factor( smoke_6_b ),data=pheno),model.matrix(~ CD8T + CD4T + NK + Bcell + Mono + Gran + edat_b + kcal_b + as.factor( sexe ) + as.factor( smoke_6_b ),data=pheno)method=\"leek\")"
  (Intercept) rmed_b        CD8T       CD4T         NK      Bcell       Mono
1           1      7 0.043044314 0.07947928 0.13251269 0.02763312 0.08327412
2           1     13 0.009744013 0.19889354 0.08065739 0.03866129 0.05413351
3           1      4 0.000000000 0.21362311 0.06276603 0.01572609 0.06997143
4           1     12 0.110831865 0.12874214 0.02331371 0.03846937 0.10887115
5           1      5 0.051616167 0.23829056 0.13366418 0.04280704 0.09866474
6           1      5 0.030448838 0.18445770 0.06483127 0.01752343 0.09845263
       Gran edat_b   kcal_b as.factor(sexe)1 as.factor(smoke_6_b)1
1 0.6249277     47 3131.510                1                     0
2 0.6106053     50 2753.745                1                     0
3 0.6145418     64 3421.857                1                     0
4 0.5736183     57 1640.232                1                     0
5 0.4193254     78 2446.429                1                     0
6 0.5734200     56 2600.451                1                     0
  as.factor(smoke_6_b)2
1                     1
2                     1
3                     0
4                     0
5                     0
6                     0
  (Intercept)        CD8T       CD4T         NK      Bcell       Mono      Gran
1           1 0.043044314 0.07947928 0.13251269 0.02763312 0.08327412 0.6249277
2           1 0.009744013 0.19889354 0.08065739 0.03866129 0.05413351 0.6106053
3           1 0.000000000 0.21362311 0.06276603 0.01572609 0.06997143 0.6145418
4           1 0.110831865 0.12874214 0.02331371 0.03846937 0.10887115 0.5736183
5           1 0.051616167 0.23829056 0.13366418 0.04280704 0.09866474 0.4193254
6           1 0.030448838 0.18445770 0.06483127 0.01752343 0.09845263 0.5734200
  edat_b   kcal_b as.factor(sexe)1 as.factor(smoke_6_b)1 as.factor(smoke_6_b)2
1     47 3131.510                1                     0                     1
2     50 2753.745                1                     0                     1
3     64 3421.857                1                     0                     0
4     57 1640.232                1                     0                     0
5     78 2446.429                1                     0                     0
6     56 2600.451                1                     0                     0
'data.frame':	573 obs. of  12 variables:
 $ CD8T       : num  0.04304 0.00974 0 0.11083 0.05162 ...
 $ CD4T       : num  0.0795 0.1989 0.2136 0.1287 0.2383 ...
 $ NK         : num  0.1325 0.0807 0.0628 0.0233 0.1337 ...
 $ Bcell      : num  0.0276 0.0387 0.0157 0.0385 0.0428 ...
 $ Mono       : num  0.0833 0.0541 0.07 0.1089 0.0987 ...
 $ Gran       : num  0.625 0.611 0.615 0.574 0.419 ...
 $ edat_b     : num  47 50 64 57 78 56 53 53 66 65 ...
 $ kcal_b     : num  3132 2754 3422 1640 2446 ...
 $ sexe       : num  1 1 1 1 1 1 1 1 1 1 ...
 $ smoke_6_b  : num  2 2 0 0 0 0 2 0 0 0 ...
 $ sample_name: chr  "9533774091_R01C01" "9533774091_R05C01" "8963311105_R04C02" "8963311060_R06C02" ...
 $ rmed_b     : num  7 13 4 12 5 5 12 10 6 5 ...
 - attr(*, "na.action")= 'omit' Named int [1:5] 104 106 346 420 568
  ..- attr(*, "names")= chr [1:5] "104" "106" "346" "420" ...
NULL
[1] TRUE
[1] 417573    573
[1] 311709    573
[1] 573  13
[1] 573  12
[1] "svas"
[1] 2
[1] "aqui1"
Number of significant surrogate variables is:  2 
Iteration (out of 5 ):1  2  3  4  5  [1] "aqui2"
[1] "hi2"
[1] "Let's save it!"
[1] "Fri Dec 10 15:41:41 2021"
[1] "###############################################THE END###############################################"
