WARNING: ignoring environment value of R_HOME
[1] "Tue Mar 29 10:24:21 2022"
[1] "libraries"
[1] "loading files"
[1] "/home/jdominguez1/B64_DIAMETR/Scripts/WHI/sv_cpgs_bmi/hpdi/pheno_sva_2.csv"
[1] "/home/jdominguez1/B64_DIAMETR/Scripts/WHI/sv_bmi_pa_airwave/hpdi/mvalues_sd_hpdi.RData"
[1] "/home/jdominguez1/B64_DIAMETR/Scripts/WHI/sv_cpgs_bmi/hpdi/num_covar.sh"
[1] "/home/jdominguez1/B64_DIAMETR/Scripts/WHI/sv_cpgs_bmi/hpdi/chr_covar.sh"
[1] "/home/jdominguez1/B64_DIAMETR/Scripts/WHI/sv_cpgs_bmi/hpdi/"
[1] "model_2sva_hpdi"
[1] "Load Pheno"
         CD8T       CD4T         NK      Bcell       Mono      Gran AGE
1 0.061943725 0.27568608 0.16516399 0.11123658 0.17659598 0.2482576  64
2 0.081198619 0.06963637 0.05424570 0.04697695 0.11289852 0.6580138  57
3 0.008634322 0.16914383 0.09992793 0.07461454 0.07704890 0.5934211  68
4 0.016417426 0.20588560 0.06090897 0.08275327 0.09195952 0.5586001  62
5 0.016034726 0.21360952 0.03254769 0.03473417 0.06335019 0.6499472  55
6 0.083611965 0.14536596 0.12861383 0.05519101 0.08523253 0.5384358  62
  F60ENRGY     BMIX   F60ALC   TEXPWK SMOKING RACE             Slide hpdi
1 1237.716 29.83146  0.01937  2.25000       0    3 9482800090_R04C01   63
2 1071.260 31.53782  0.00463  4.50000       0    4 9553728036_R02C02   61
3 2596.676 29.22521  0.01272 30.33333       0    3 9482800007_R03C01   45
4 1544.939 41.46912  0.00391  4.50000       1    3 9482800128_R04C02   56
5 2144.237 31.50685  0.05071  0.75000       0    4 9553728100_R05C01   46
6 1643.618 47.63267 13.93913  0.00000       2    3 9553728095_R06C01   52
          sva1        sva2
1 -0.017659154  0.04151792
2 -0.042022953 -0.01905424
3  0.010278390 -0.01046432
4  0.007859478 -0.02415402
5 -0.026477229 -0.02615421
6 -0.014502146 -0.00544706
[1] "Load covariates"
         V1
1      CD8T
2      CD4T
3        NK
4     Bcell
5      Mono
6      Gran
7       AGE
8  F60ENRGY
9      sva1
10     sva2
       V1
1 SMOKING
2    RACE
[1] "free_text"
[1] "Load methylation data - mvals"
                   cg00686926 cg00826902 cg00881300
9553728063_R04C02 -0.52537251 -0.5832198 -0.1272584
9553728063_R02C01  0.07853607 -1.3629436 -1.0465476
9553728001_R05C01 -1.25731918 -0.5181730  0.3155649
[1] "Same dim"
[1] TRUE
[1] "Dims de mt_val"
[1] 1643   45
[1] "Pheno variables"
         CD8T       CD4T         NK      Bcell       Mono      Gran AGE
1 0.061943725 0.27568608 0.16516399 0.11123658 0.17659598 0.2482576  64
2 0.081198619 0.06963637 0.05424570 0.04697695 0.11289852 0.6580138  57
3 0.008634322 0.16914383 0.09992793 0.07461454 0.07704890 0.5934211  68
4 0.016417426 0.20588560 0.06090897 0.08275327 0.09195952 0.5586001  62
5 0.016034726 0.21360952 0.03254769 0.03473417 0.06335019 0.6499472  55
6 0.083611965 0.14536596 0.12861383 0.05519101 0.08523253 0.5384358  62
  F60ENRGY         sva1        sva2 SMOKING RACE             Slide     BMIX
1 1237.716 -0.017659154  0.04151792       0    3 9482800090_R04C01 29.83146
2 1071.260 -0.042022953 -0.01905424       0    4 9553728036_R02C02 31.53782
3 2596.676  0.010278390 -0.01046432       0    3 9482800007_R03C01 29.22521
4 1544.939  0.007859478 -0.02415402       1    3 9482800128_R04C02 41.46912
5 2144.237 -0.026477229 -0.02615421       0    4 9553728100_R05C01 31.50685
6 1643.618 -0.014502146 -0.00544706       2    3 9553728095_R06C01 47.63267
 [1] "CD8T"     "CD4T"     "NK"       "Bcell"    "Mono"     "Gran"    
 [7] "AGE"      "F60ENRGY" "sva1"     "sva2"     "SMOKING"  "RACE"    
[13] "Slide"    "BMIX"    
[1] 1643   14
[1] "cpgs to analyze"
[1] 1643   45
[1] 45
[1] "covar=X"
[1] "cbind(pheno$CD8T,pheno$CD4T,pheno$NK,pheno$Bcell,pheno$Mono,pheno$Gran,pheno$AGE,pheno$F60ENRGY,pheno$sva1,pheno$sva2,factor(pheno$SMOKING),factor(pheno$RACE))"
[1] "Trying what is in X"
 [1] "CD8T"     "CD4T"     "NK"       "Bcell"    "Mono"     "Gran"    
 [7] "AGE"      "F60ENRGY" "sva1"     "sva2"     "SMOKING"  "RACE"    
[1] "info prior to ewas"
[1] TRUE
[1] 1643   45
[1] 1589   45
[1] 1643   14
[1] 1643   14
'data.frame':	1643 obs. of  14 variables:
 $ CD8T    : num  0.06194 0.0812 0.00863 0.01642 0.01603 ...
 $ CD4T    : num  0.2757 0.0696 0.1691 0.2059 0.2136 ...
 $ NK      : num  0.1652 0.0542 0.0999 0.0609 0.0325 ...
 $ Bcell   : num  0.1112 0.047 0.0746 0.0828 0.0347 ...
 $ Mono    : num  0.1766 0.1129 0.077 0.092 0.0634 ...
 $ Gran    : num  0.248 0.658 0.593 0.559 0.65 ...
 $ AGE     : int  64 57 68 62 55 62 65 66 51 71 ...
 $ F60ENRGY: num  1238 1071 2597 1545 2144 ...
 $ sva1    : num  -0.01766 -0.04202 0.01028 0.00786 -0.02648 ...
 $ sva2    : num  0.0415 -0.0191 -0.0105 -0.0242 -0.0262 ...
 $ SMOKING : int  0 0 0 1 0 2 0 0 0 0 ...
 $ RACE    : int  3 4 3 3 4 3 3 3 3 4 ...
 $ Slide   : chr  "9482800090_R04C01" "9553728036_R02C02" "9482800007_R03C01" "9482800128_R04C02" ...
 $ BMIX    : num  29.8 31.5 29.2 41.5 31.5 ...
NULL
[1] "Linear regresion - EWAS"
[[1]]
Coefficient          Sd     P value 
 0.07241243  0.21225198  0.73302518 

[[2]]
 Coefficient           Sd      P value 
9.565231e-01 2.038258e-01 2.919799e-06 

[[3]]
Coefficient          Sd     P value 
 0.07503244  0.26182794  0.77447693 

[[4]]
Coefficient          Sd     P value 
-0.38739789  0.17674793  0.02853469 

[[5]]
 Coefficient           Sd      P value 
0.6865167178 0.2038003472 0.0007731992 

[[6]]
 Coefficient           Sd      P value 
1.069289e+00 2.415298e-01 1.018341e-05 

[1] "Let's save it!"
            [,1]      [,2]         [,3]
[1,]  0.07241243 0.2122520 7.330252e-01
[2,]  0.95652306 0.2038258 2.919799e-06
[3,]  0.07503244 0.2618279 7.744769e-01
[4,] -0.38739789 0.1767479 2.853469e-02
[5,]  0.68651672 0.2038003 7.731992e-04
[6,]  1.06928858 0.2415298 1.018341e-05
[1] "Tue Mar 29 10:24:22 2022"
[1] "###############################################THE END###############################################"
