WARNING: ignoring environment value of R_HOME
[1] "Sun Dec 19 10:46:41 2021"
[1] "libraries"
[1] "loading files"
[1] "/home/jdominguez1/B64_DIAMETR/Scripts/REGICOR/sv/450k/mds/pheno_sva_2.csv"
[1] "/home/jdominguez1/meth/mt_regicor_450.RData"
[1] "mds_b"
[1] "/home/jdominguez1/B64_DIAMETR/Scripts/REGICOR/sv/450k/mds/num_covar.sh"
[1] "/home/jdominguez1/B64_DIAMETR/Scripts/REGICOR/sv/450k/mds/chr_covar.sh"
[1] "/home/jdominguez1/B64_DIAMETR/Scripts/REGICOR/sv/450k/mds"
[1] "model_2sva_mds"
[1] "Load Pheno"
         CD8T       CD4T         NK      Bcell       Mono      Gran edat_b
1 0.043044314 0.07947928 0.13251269 0.02763312 0.08327412 0.6249277     47
2 0.009744013 0.19889354 0.08065739 0.03866129 0.05413351 0.6106053     50
3 0.000000000 0.21362311 0.06276603 0.01572609 0.06997143 0.6145418     64
4 0.110831865 0.12874214 0.02331371 0.03846937 0.10887115 0.5736183     57
5 0.051616167 0.23829056 0.13366418 0.04280704 0.09866474 0.4193254     78
6 0.030448838 0.18445770 0.06483127 0.01752343 0.09845263 0.5734200     56
    kcal_b sexe smoke_6_b       sample_name mds_b        sva1        sva2
1 3131.510    1         2 9533774091_R01C01     5  0.09064501  0.00408836
2 2753.745    1         2 9533774091_R05C01     6 -0.05607028 -0.06101892
3 3421.857    1         0 8963311105_R04C02     3 -0.04275651  0.01359058
4 1640.232    1         0 8963311060_R06C02     7 -0.04267144 -0.02927539
5 2446.429    1         0 8963311139_R04C02     3  0.06766905  0.02241703
6 2600.451    1         0 8963311060_R05C01     2 -0.06055623 -0.02046114
[1] "Load covariates"
       V1
1    CD8T
2    CD4T
3      NK
4   Bcell
5    Mono
6    Gran
7  edat_b
8  kcal_b
9    sva1
10   sva2
         V1
1      sexe
2 smoke_6_b
[1] "free_text"
[1] "Load methylation data - mvals"
                  cg00000029 cg00000108 cg00000109
9533774091_R01C01 -1.3337027 -0.3581759 -0.7401257
9533774091_R05C01  0.3536695  0.4880260  0.6207039
8963311059_R05C02  0.3964341  0.7907589  0.4239464
[1] "Same dim"
[1] TRUE
[1] "Dims de mt_val"
[1]    573 417573
[1] "Pheno variables"
         CD8T       CD4T         NK      Bcell       Mono      Gran edat_b
1 0.043044314 0.07947928 0.13251269 0.02763312 0.08327412 0.6249277     47
2 0.009744013 0.19889354 0.08065739 0.03866129 0.05413351 0.6106053     50
3 0.000000000 0.21362311 0.06276603 0.01572609 0.06997143 0.6145418     64
4 0.110831865 0.12874214 0.02331371 0.03846937 0.10887115 0.5736183     57
5 0.051616167 0.23829056 0.13366418 0.04280704 0.09866474 0.4193254     78
6 0.030448838 0.18445770 0.06483127 0.01752343 0.09845263 0.5734200     56
    kcal_b        sva1        sva2 sexe smoke_6_b       sample_name mds_b
1 3131.510  0.09064501  0.00408836    1         2 9533774091_R01C01     5
2 2753.745 -0.05607028 -0.06101892    1         2 9533774091_R05C01     6
3 3421.857 -0.04275651  0.01359058    1         0 8963311105_R04C02     3
4 1640.232 -0.04267144 -0.02927539    1         0 8963311060_R06C02     7
5 2446.429  0.06766905  0.02241703    1         0 8963311139_R04C02     3
6 2600.451 -0.06055623 -0.02046114    1         0 8963311060_R05C01     2
 [1] "CD8T"        "CD4T"        "NK"          "Bcell"       "Mono"       
 [6] "Gran"        "edat_b"      "kcal_b"      "sva1"        "sva2"       
[11] "sexe"        "smoke_6_b"   "sample_name" "mds_b"      
[1] 573  14
[1] "cpgs to analyze"
[1]    573 417573
[1] 417573
[1] "diet=x1"
[1] 5 6 3 7 3
[1] "covar=X"
[1] "cbind(pheno$CD8T,pheno$CD4T,pheno$NK,pheno$Bcell,pheno$Mono,pheno$Gran,pheno$edat_b,pheno$kcal_b,pheno$sva1,pheno$sva2,factor(pheno$sexe),factor(pheno$smoke_6_b))"
[1] "Trying what is in X"
 [1] "CD8T"      "CD4T"      "NK"        "Bcell"     "Mono"      "Gran"     
 [7] "edat_b"    "kcal_b"    "sva1"      "sva2"      "sexe"      "smoke_6_b"
[1] "info prior to ewas"
[1] TRUE
[1]    573 417573
[1]      0 417573
[1] 573  14
[1] 573  14
'data.frame':	573 obs. of  14 variables:
 $ CD8T       : num  0.04304 0.00974 0 0.11083 0.05162 ...
 $ CD4T       : num  0.0795 0.1989 0.2136 0.1287 0.2383 ...
 $ NK         : num  0.1325 0.0807 0.0628 0.0233 0.1337 ...
 $ Bcell      : num  0.0276 0.0387 0.0157 0.0385 0.0428 ...
 $ Mono       : num  0.0833 0.0541 0.07 0.1089 0.0987 ...
 $ Gran       : num  0.625 0.611 0.615 0.574 0.419 ...
 $ edat_b     : int  47 50 64 57 78 56 53 53 66 65 ...
 $ kcal_b     : num  3132 2754 3422 1640 2446 ...
 $ sva1       : num  0.0906 -0.0561 -0.0428 -0.0427 0.0677 ...
 $ sva2       : num  0.00409 -0.06102 0.01359 -0.02928 0.02242 ...
 $ sexe       : int  1 1 1 1 1 1 1 1 1 1 ...
 $ smoke_6_b  : int  2 2 0 0 0 0 2 0 0 0 ...
 $ sample_name: chr  "9533774091_R01C01" "9533774091_R05C01" "8963311105_R04C02" "8963311060_R06C02" ...
 $ mds_b      : int  5 6 3 7 3 2 6 8 4 3 ...
NULL
[1] "Linear regresion - EWAS"
