WARNING: ignoring environment value of R_HOME
[1] "Fri Apr 29 09:43:34 2022"
[1] "libraries"
[1] "loading files"
[1] "/home/jdominguez1/B64_DIAMETR/Dades/WHI/phenofood_whi22022022.RData"
[1] "/home/jdominguez1/meth/mvals_z_4sd.RData"
[1] "mmds"
[1] "/home/jdominguez1/B64_DIAMETR/Scripts/WHI/sv_bmi/num_covar.sh"
[1] "/home/jdominguez1/B64_DIAMETR/Scripts/WHI/sv_bmi/chr_covar.sh"
[1] "/home/jdominguez1/B64_DIAMETR/Scripts/WHI/sv_bmi/mmds"
[1] "pheno_sva_"
[1] 2
[1] "Load Pheno"
Classes ‘data.table’ and 'data.frame':	1759 obs. of  49 variables:
 $ dbGaP_Subject_ID: int  210705 210707 210712 210714 210727 210747 210753 210776 210782 210828 ...
 $ SUBJECT_ID      : int  709434 709979 702703 700599 702320 700070 710118 708552 707882 711307 ...
 $ Slide           : chr  "9482800090_R04C01" "9553728036_R02C02" "9482800007_R03C01" "9482800128_R04C02" ...
 $ dbGaP_Sample_ID : int  2520513 2521899 2522771 2519256 2520690 2520355 2521715 2520471 2522783 2522497 ...
 $ SAMPLE_ID       : chr  "D213998-71" "D343154-50" "D85616-44" "D132458-69" ...
 $ BA23_Pull_ID_DNA: chr  "BA23-6" "BA23-7" "BA23-7" "BA23-6" ...
 $ CD8T            : num  0.06194 0.0812 0.00863 0.01642 0.01603 ...
 $ CD4T            : num  0.2757 0.0696 0.1691 0.2059 0.2136 ...
 $ NK              : num  0.1652 0.0542 0.0999 0.0609 0.0325 ...
 $ Bcell           : num  0.1112 0.047 0.0746 0.0828 0.0347 ...
 $ Mono            : num  0.1766 0.1129 0.077 0.092 0.0634 ...
 $ Gran            : num  0.248 0.658 0.593 0.559 0.65 ...
 $ AGE             : int  64 57 68 62 55 62 65 66 51 71 ...
 $ RACE            : int  3 4 3 3 4 3 3 3 3 4 ...
 $ DIAB            : int  0 0 0 0 0 0 1 1 0 0 ...
 $ F60VY.x         : int  0 0 0 0 0 0 0 0 0 0 ...
 $ F60ENRGY        : num  1238 1071 2597 1545 2144 ...
 $ F60ALC          : num  0.01937 0.00463 0.01272 0.00391 0.05071 ...
 $ F60FIBER        : num  12 13.7 21.7 13.4 17.4 ...
 $ p_prot          : num  17 19.1 21.6 18.4 12.3 ...
 $ p_carb          : num  50.7 58.3 45.3 38.8 45.4 ...
 $ p_fat           : num  33.8 24.3 34 44.2 44.2 ...
 $ FRUITS          : num  1.778 0.756 1.756 1.258 1.348 ...
 $ VEGTABLS        : num  1.4 1.4 1.74 3.02 1.52 ...
 $ legumes         : num  0.7726 0.526 1.4 0.1534 0.0817 ...
 $ NUTS            : num  0.0767 0.0164 0.0384 0.0329 0.0767 ...
 $ DAIRY           : num  0.564 0.685 2.963 0.435 1.852 ...
 $ EGGS            : num  0.1425 0.4931 0.0384 0.2849 0 ...
 $ FISH            : num  0.11 0.104 0.636 0.51 0.23 ...
 $ meat            : num  1.293 0.786 2.651 1.57 1.559 ...
 $ WHLGRNS         : num  2.104 2.344 1.542 0.903 1.486 ...
 $ refgrain        : num  2.59 4.03 4.62 3 2.32 ...
 $ potato          : num  0.4 0.3616 0.9863 0.0658 0.5315 ...
 $ sweet           : num  0.438 0.384 0.921 0.515 1.995 ...
 $ mds             : num  5 5 6 4 1 4 6 6 3 6 ...
 $ mmds            : num  15 13 15 13 9 10 18 16 9 20 ...
 $ rmed            : num  9 11 8 11 5 7 8 7 11 12 ...
 $ hdi2015         : num  2 2 2 1 1 0 2 1 1 5 ...
 $ dashf           : num  28 29 24 21 20 23 24 27 20 27 ...
 $ hpdi            : num  63 61 45 56 46 52 54 43 54 54 ...
 $ TEXPWK          : num  2.25 4.5 30.33 4.5 0.75 ...
 $ SMOKING         : int  0 0 0 1 0 2 0 0 0 0 ...
 $ ALCOHOL         : int  1 1 1 2 2 6 3 2 1 5 ...
 $ WAISTX          : num  91.5 87.6 91.5 102 83 ...
 $ HIPX            : num  104 111 105 130 111 ...
 $ SYST            : num  112 126 159 143 120 139 144 132 140 130 ...
 $ DIAS            : num  65 79 93 79 70 77 78 74 82 69 ...
 $ BMIX            : num  29.8 31.5 29.2 41.5 31.5 ...
 $ WHRX            : num  0.876 0.791 0.871 0.785 0.748 ...
 - attr(*, ".internal.selfref")=<externalptr> 
 - attr(*, "sorted")= chr "dbGaP_Subject_ID"
[1] "Load covariates"
        V1
1     CD8T
2     CD4T
3       NK
4    Bcell
5     Mono
6     Gran
7      AGE
8     BMIX
9 F60ENRGY
       V1
1 SMOKING
2    RACE
[1] 9
[1] 2
[1] "free_text"
[1] "Load methylation data - mvals"
                  cg00000029 cg00000108 cg00000109
9553728063_R04C02  0.1903593 -0.4175456  1.1712427
9553728063_R02C01  0.6979474 -0.6946419  0.6538851
9553728001_R05C01 -0.5130818  0.6445989  0.4271235
[1] "Same dim"
[1] TRUE
[1] 1759   49
[1] "CD8T"     "CD4T"     "NK"       "Bcell"    "Mono"     "Gran"     "AGE"     
[8] "BMIX"     "F60ENRGY"
[1] "SMOKING" "RACE"   
[1] "Pheno variables"
         CD8T       CD4T         NK      Bcell       Mono      Gran AGE
1 0.061943725 0.27568608 0.16516399 0.11123658 0.17659598 0.2482576  64
2 0.081198619 0.06963637 0.05424570 0.04697695 0.11289852 0.6580138  57
3 0.008634322 0.16914383 0.09992793 0.07461454 0.07704890 0.5934211  68
4 0.016417426 0.20588560 0.06090897 0.08275327 0.09195952 0.5586001  62
5 0.016034726 0.21360952 0.03254769 0.03473417 0.06335019 0.6499472  55
6 0.083611965 0.14536596 0.12861383 0.05519101 0.08523253 0.5384358  62
      BMIX F60ENRGY SMOKING RACE             Slide mmds
1 29.83146 1237.716       0    3 9482800090_R04C01   15
2 31.53782 1071.260       0    4 9553728036_R02C02   13
3 29.22521 2596.676       0    3 9482800007_R03C01   15
4 41.46912 1544.939       1    3 9482800128_R04C02   13
5 31.50685 2144.237       0    4 9553728100_R05C01    9
6 47.63267 1643.618       2    3 9553728095_R06C01   10
 [1] "CD8T"     "CD4T"     "NK"       "Bcell"    "Mono"     "Gran"    
 [7] "AGE"      "BMIX"     "F60ENRGY" "SMOKING"  "RACE"     "Slide"   
[13] "mmds"    
[1] 1725   13
[1] "mt_val_matrix_t"
[1] "models"
[1] "num.sv(na.omit(mt_val),model.matrix(~ mmds + CD8T + CD4T + NK + Bcell + Mono + Gran + AGE + BMIX + F60ENRGY + factor( SMOKING ) + factor( RACE ),data=pheno)method=\"leek\",seed=123)"
[1] "sva(na.omit(mt_val),model.matrix(~ mmds + CD8T + CD4T + NK + Bcell + Mono + Gran + AGE + BMIX + F60ENRGY + factor( SMOKING ) + factor( RACE ),data=pheno),model.matrix(~ CD8T + CD4T + NK + Bcell + Mono + Gran + AGE + BMIX + F60ENRGY + factor( SMOKING ) + factor( RACE ),data=pheno)method=\"leek\")"
  (Intercept) mmds        CD8T       CD4T         NK      Bcell       Mono
1           1   15 0.061943725 0.27568608 0.16516399 0.11123658 0.17659598
2           1   13 0.081198619 0.06963637 0.05424570 0.04697695 0.11289852
3           1   15 0.008634322 0.16914383 0.09992793 0.07461454 0.07704890
4           1   13 0.016417426 0.20588560 0.06090897 0.08275327 0.09195952
5           1    9 0.016034726 0.21360952 0.03254769 0.03473417 0.06335019
6           1   10 0.083611965 0.14536596 0.12861383 0.05519101 0.08523253
       Gran AGE     BMIX F60ENRGY factor(SMOKING)1 factor(SMOKING)2
1 0.2482576  64 29.83146 1237.716                0                0
2 0.6580138  57 31.53782 1071.260                0                0
3 0.5934211  68 29.22521 2596.676                0                0
4 0.5586001  62 41.46912 1544.939                1                0
5 0.6499472  55 31.50685 2144.237                0                0
6 0.5384358  62 47.63267 1643.618                0                1
  factor(RACE)4 factor(RACE)5
1             0             0
2             1             0
3             0             0
4             0             0
5             1             0
6             0             0
  (Intercept)        CD8T       CD4T         NK      Bcell       Mono      Gran
1           1 0.061943725 0.27568608 0.16516399 0.11123658 0.17659598 0.2482576
2           1 0.081198619 0.06963637 0.05424570 0.04697695 0.11289852 0.6580138
3           1 0.008634322 0.16914383 0.09992793 0.07461454 0.07704890 0.5934211
4           1 0.016417426 0.20588560 0.06090897 0.08275327 0.09195952 0.5586001
5           1 0.016034726 0.21360952 0.03254769 0.03473417 0.06335019 0.6499472
6           1 0.083611965 0.14536596 0.12861383 0.05519101 0.08523253 0.5384358
  AGE     BMIX F60ENRGY factor(SMOKING)1 factor(SMOKING)2 factor(RACE)4
1  64 29.83146 1237.716                0                0             0
2  57 31.53782 1071.260                0                0             1
3  68 29.22521 2596.676                0                0             0
4  62 41.46912 1544.939                1                0             0
5  55 31.50685 2144.237                0                0             1
6  62 47.63267 1643.618                0                1             0
  factor(RACE)5
1             0
2             0
3             0
4             0
5             0
6             0
Classes ‘data.table’ and 'data.frame':	1725 obs. of  13 variables:
 $ CD8T    : num  0.06194 0.0812 0.00863 0.01642 0.01603 ...
 $ CD4T    : num  0.2757 0.0696 0.1691 0.2059 0.2136 ...
 $ NK      : num  0.1652 0.0542 0.0999 0.0609 0.0325 ...
 $ Bcell   : num  0.1112 0.047 0.0746 0.0828 0.0347 ...
 $ Mono    : num  0.1766 0.1129 0.077 0.092 0.0634 ...
 $ Gran    : num  0.248 0.658 0.593 0.559 0.65 ...
 $ AGE     : int  64 57 68 62 55 62 65 66 51 71 ...
 $ BMIX    : num  29.8 31.5 29.2 41.5 31.5 ...
 $ F60ENRGY: num  1238 1071 2597 1545 2144 ...
 $ SMOKING : int  0 0 0 1 0 2 0 0 0 0 ...
 $ RACE    : int  3 4 3 3 4 3 3 3 3 4 ...
 $ Slide   : chr  "9482800090_R04C01" "9553728036_R02C02" "9482800007_R03C01" "9482800128_R04C02" ...
 $ mmds    : num  15 13 15 13 9 10 18 16 9 20 ...
 - attr(*, "na.action")= 'omit' Named int [1:34] 35 65 68 123 129 136 334 356 370 380 ...
  ..- attr(*, "names")= chr [1:34] "35" "65" "68" "123" ...
NULL
[1] TRUE
[1] 478369   1725
[1] 71746  1725
[1] 1725   15
[1] 1725   14
[1] "svas"
[1] "model.matrix(~ mmds + CD8T + CD4T + NK + Bcell + Mono + Gran + AGE + BMIX + F60ENRGY + factor( SMOKING ) + factor( RACE ),data=pheno)"
[1] "aqui1"
Number of significant surrogate variables is:  2 
Iteration (out of 5 ):1  2  3  4  5  [1] "aqui2"
[1] "hi2"
[1] "Let's save it!"
[1] "Fri Apr 29 09:53:07 2022"
[1] "###############################################THE END###############################################"
