WARNING: ignoring environment value of R_HOME
[1] "Tue Dec 21 16:53:13 2021"
[1] "libraries"
[1] "loading files"
[1] "/home/jdominguez1/B64_DIAMETR/Dades/REGICOR/metildiet_with_cells_and_rightVars.RData"
[1] "/home/jdominguez1/meth/epic_total_mtval.RData"
[1] "hpdi_b"
[1] "/home/jdominguez1/B64_DIAMETR/Scripts/REGICOR/sv/epic/num_covar.sh"
[1] "/home/jdominguez1/B64_DIAMETR/Scripts/REGICOR/sv/epic/chr_covar.sh"
[1] "/home/jdominguez1/B64_DIAMETR/Scripts/REGICOR/sv/epic/hpdi"
[1] "pheno_sva_"
[1] "Load Pheno"
'data.frame':	927 obs. of  59 variables:
 $ Sample_ID    : chr  "A2200000019007052802" "A2200000021007052801" "A2200000024007052802" "A2200000068007052803" ...
 $ BMI          : num  26.4 25.3 21.4 26.5 36.5 ...
 $ CD8T         : num  0.0435 0 0.0325 0.0762 0.0702 ...
 $ CD4T         : num  0.0855 0.1121 0.2094 0.1394 0.1457 ...
 $ NK           : num  0 0.036 0.0602 0.0411 0.0599 ...
 $ Bcell        : num  0.0561 0.0593 0.0925 0.0201 0.0621 ...
 $ Mono         : num  0.0801 0.0905 0.0659 0.0721 0.0694 ...
 $ Gran         : num  0.746 0.703 0.561 0.666 0.586 ...
 $ parti        : num  19 21 24 68 89 92 138 145 157 221 ...
 $ sample_name  : chr  "201004220144_R08C01" "202995740157_R07C01" "201004220160_R02C01" "200999660165_R06C01" ...
 $ pool_id      : chr  "EPIC" "EPIC" "EPIC" "EPIC" ...
 $ sexe         : num  1 0 0 0 1 1 1 1 0 1 ...
 $ estudi       : chr  "A22" "A22" "A22" "A22" ...
 $ datnaix      : num  -8711 -7272 -5855 -4908 -7285 ...
 $ datinclu_b   : num  12139 12142 12143 12151 12153 ...
 $ edat_b       : num  57 53 49 46 53 43 52 57 50 53 ...
 $ rural        : num  2 2 2 2 2 2 2 2 2 2 ...
 $ cno_b        : num  970 602 862 702 999 841 501 999 302 NA ...
 $ niv_esco_b   : num  3 4 3 3 4 4 4 4 1 3 ...
 $ csocial_b    : Factor w/ 3 levels "1","3","4": 3 3 3 2 NA 3 3 NA 1 NA ...
 $ alto_b       : num  1.64 1.71 1.68 1.76 1.62 1.48 1.54 1.55 1.77 1.59 ...
 $ pes_b        : num  80 71 56 82 94 55 59 82 92 68 ...
 $ imc_b        : num  29.7 24.3 19.8 26.5 35.8 ...
 $ cint_b       : num  NA NA NA NA NA NA NA NA NA NA ...
 $ infota_b     : num  2 2 2 2 1 2 2 1 2 1 ...
 $ medita_b     : num  NA NA NA 2 NA NA NA NA NA 1 ...
 $ infcol_b     : num  2 2 2 1 2 1 2 2 2 2 ...
 $ medicol_b    : num  9 9 9 1 9 9 9 9 9 2 ...
 $ dietglu_b    : num  9 9 9 2 1 1 2 9 2 2 ...
 $ mediglu_b    : num  NA NA NA 2 NA NA NA NA NA 2 ...
 $ insuli_b     : num  NA NA NA 2 NA NA NA NA NA 2 ...
 $ infoglu_b    : num  2 2 2 2 2 1 2 2 2 2 ...
 $ gluco_b      : num  90 100 95 84 134 127 90 82 92 94 ...
 $ coltot_b     : num  186 169 164 208 219 313 194 226 211 206 ...
 $ hdl_b        : num  70 59 69 47 57 54 63 52 32 62 ...
 $ ldl_b        : num  104 93 81 146 145 207 114 149 150 132 ...
 $ trigli_b     : num  60 83 72 76 85 266 85 123 145 58 ...
 $ psisese1_b   : num  NA NA NA NA NA NA NA NA NA NA ...
 $ pdisese1_b   : num  NA NA NA NA NA NA NA NA NA NA ...
 $ psisese2_b   : num  NA NA NA NA NA NA NA NA NA NA ...
 $ pdisese2_b   : num  NA NA NA NA NA NA NA NA NA NA ...
 $ psisese3_b   : num  NA NA NA NA NA NA NA NA NA NA ...
 $ pdisese3_b   : num  NA NA NA NA NA NA NA NA NA NA ...
 $ diab_b       : Factor w/ 2 levels "0","1": NA NA NA 1 NA 2 NA NA NA 1 ...
 $ htasimple_b  : Factor w/ 2 levels "0","1": NA NA NA 1 NA NA NA NA NA 2 ...
 $ smoke_6_b    : num  0 1 1 0 0 1 0 0 2 0 ...
 $ itbesquerra_b: num  1.111 1.032 1.229 0.969 1.519 ...
 $ geaf_tot_b   : num  0.8 0 5.2 392.3 86.4 ...
 $ geaf_int_b   : num  0 0 0 271.5 3.5 ...
 $ geaf_mod_b   : num  0.8 0 0 30.8 49.5 ...
 $ geaf_lig_b   : num  0 0 5.2 90 33.4 252 35 0 0 59.5 ...
 $ itbdret_b    : num  1.11 1.03 1.27 1.06 1.58 ...
 $ kcal_b       : num  2062 2909 1977 2132 3329 ...
 $ mds_b        : num  6 6 4 7 5 4 4 3 5 5 ...
 $ mmds_b       : num  11 13 8 18 15 14 12 9 12 12 ...
 $ rmed_b       : num  11 11 8 10 9 6 8 6 10 10 ...
 $ hdi_b        : num  2 2 4 5 3 3 3 2 4 5 ...
 $ dashf_b      : num  23 19 21 26 27 25 21 17 21 28 ...
 $ hpdi_b       : num  52 54 50 59 65 59 57 55 48 55 ...
[1] "Load covariates"
      V1
1   CD8T
2   CD4T
3     NK
4  Bcell
5   Mono
6   Gran
7 edat_b
8 kcal_b
         V1
1      sexe
2 smoke_6_b
[1] 8
[1] 2
[1] "free_text"
[1] "Load methylation data - mvals"
                    cg18478105   cg09835024   cg14361672
202884930006_R01C01  2.3456655  0.947131438 -1.018925451
202884930006_R02C01 -0.5833574  1.356002168 -0.737324064
202884930006_R03C01  0.2409467 -0.007322988 -0.005791398
[1] "Same dim"
[1] TRUE
[1] 272  59
[1] "CD8T"   "CD4T"   "NK"     "Bcell"  "Mono"   "Gran"   "edat_b" "kcal_b"
[1] "sexe"      "smoke_6_b"
[1] "Pheno variables"
        CD8T       CD4T         NK      Bcell       Mono      Gran edat_b
1 0.04350366 0.08545131 0.00000000 0.05613712 0.08011592 0.7464212     57
2 0.00000000 0.11214064 0.03599944 0.05925594 0.09053182 0.7030461     53
3 0.03245120 0.20940282 0.06023382 0.09248124 0.06591815 0.5609833     49
4 0.07619456 0.13935693 0.04112349 0.02007543 0.07214048 0.6656603     46
5 0.07022243 0.14573964 0.05994056 0.06211228 0.06940664 0.5857465     53
6 0.07603683 0.15284621 0.05520254 0.04458735 0.10648565 0.5588166     43
    kcal_b sexe smoke_6_b         sample_name hpdi_b
1 2062.499    1         0 201004220144_R08C01     52
2 2908.970    0         1 202995740157_R07C01     54
3 1976.848    0         1 201004220160_R02C01     50
4 2132.032    0         0 200999660165_R06C01     59
5 3329.096    1         0 202995640019_R04C01     65
6 3278.026    1         1 201004220119_R04C01     59
 [1] "CD8T"        "CD4T"        "NK"          "Bcell"       "Mono"       
 [6] "Gran"        "edat_b"      "kcal_b"      "sexe"        "smoke_6_b"  
[11] "sample_name" "hpdi_b"     
[1] 269  12
[1] "mt_val_matrix_t"
[1] "models"
[1] "num.sv(na.omit(mt_val),model.matrix(~ hpdi_b + CD8T + CD4T + NK + Bcell + Mono + Gran + edat_b + kcal_b + factor( sexe ) + factor( smoke_6_b ),data=pheno)method=\"leek\",seed=123)"
[1] "sva(na.omit(mt_val),model.matrix(~ hpdi_b + CD8T + CD4T + NK + Bcell + Mono + Gran + edat_b + kcal_b + factor( sexe ) + factor( smoke_6_b ),data=pheno),model.matrix(~ CD8T + CD4T + NK + Bcell + Mono + Gran + edat_b + kcal_b + factor( sexe ) + factor( smoke_6_b ),data=pheno)method=\"leek\")"
  (Intercept) hpdi_b       CD8T       CD4T         NK      Bcell       Mono
1           1     52 0.04350366 0.08545131 0.00000000 0.05613712 0.08011592
2           1     54 0.00000000 0.11214064 0.03599944 0.05925594 0.09053182
3           1     50 0.03245120 0.20940282 0.06023382 0.09248124 0.06591815
4           1     59 0.07619456 0.13935693 0.04112349 0.02007543 0.07214048
5           1     65 0.07022243 0.14573964 0.05994056 0.06211228 0.06940664
6           1     59 0.07603683 0.15284621 0.05520254 0.04458735 0.10648565
       Gran edat_b   kcal_b factor(sexe)1 factor(smoke_6_b)1 factor(smoke_6_b)2
1 0.7464212     57 2062.499             1                  0                  0
2 0.7030461     53 2908.970             0                  1                  0
3 0.5609833     49 1976.848             0                  1                  0
4 0.6656603     46 2132.032             0                  0                  0
5 0.5857465     53 3329.096             1                  0                  0
6 0.5588166     43 3278.026             1                  1                  0
  (Intercept)       CD8T       CD4T         NK      Bcell       Mono      Gran
1           1 0.04350366 0.08545131 0.00000000 0.05613712 0.08011592 0.7464212
2           1 0.00000000 0.11214064 0.03599944 0.05925594 0.09053182 0.7030461
3           1 0.03245120 0.20940282 0.06023382 0.09248124 0.06591815 0.5609833
4           1 0.07619456 0.13935693 0.04112349 0.02007543 0.07214048 0.6656603
5           1 0.07022243 0.14573964 0.05994056 0.06211228 0.06940664 0.5857465
6           1 0.07603683 0.15284621 0.05520254 0.04458735 0.10648565 0.5588166
  edat_b   kcal_b factor(sexe)1 factor(smoke_6_b)1 factor(smoke_6_b)2
1     57 2062.499             1                  0                  0
2     53 2908.970             0                  1                  0
3     49 1976.848             0                  1                  0
4     46 2132.032             0                  0                  0
5     53 3329.096             1                  0                  0
6     43 3278.026             1                  1                  0
'data.frame':	269 obs. of  12 variables:
 $ CD8T       : num  0.0435 0 0.0325 0.0762 0.0702 ...
 $ CD4T       : num  0.0855 0.1121 0.2094 0.1394 0.1457 ...
 $ NK         : num  0 0.036 0.0602 0.0411 0.0599 ...
 $ Bcell      : num  0.0561 0.0593 0.0925 0.0201 0.0621 ...
 $ Mono       : num  0.0801 0.0905 0.0659 0.0721 0.0694 ...
 $ Gran       : num  0.746 0.703 0.561 0.666 0.586 ...
 $ edat_b     : num  57 53 49 46 53 43 52 57 50 53 ...
 $ kcal_b     : num  2062 2909 1977 2132 3329 ...
 $ sexe       : num  1 0 0 0 1 1 1 1 0 1 ...
 $ smoke_6_b  : num  0 1 1 0 0 1 0 0 2 0 ...
 $ sample_name: chr  "201004220144_R08C01" "202995740157_R07C01" "201004220160_R02C01" "200999660165_R06C01" ...
 $ hpdi_b     : num  52 54 50 59 65 59 57 55 48 55 ...
 - attr(*, "na.action")= 'omit' Named int [1:3] 12 31 60
  ..- attr(*, "names")= chr [1:3] "12" "35" "68"
NULL
[1] TRUE
[1] 810793    269
[1] 810793    269
[1] 269  13
[1] 269  12
[1] "svas"
[1] "model.matrix(~ hpdi_b + CD8T + CD4T + NK + Bcell + Mono + Gran + edat_b + kcal_b + factor( sexe ) + factor( smoke_6_b ),data=pheno)"
[1] 7
[1] "aqui1"
Number of significant surrogate variables is:  7 
Iteration (out of 5 ):1  2  3  4  5  [1] "aqui2"
[1] "hi2"
[1] "Let's save it!"
[1] "Tue Dec 21 17:07:06 2021"
[1] "###############################################THE END###############################################"
