WARNING: ignoring environment value of R_HOME
[1] "Fri Dec  3 09:06:14 2021"
[1] "libraries"
[1] "loading files"
[1] "/home/jdominguez1/B64_DIAMETR/Scripts/REGICOR/sv/epic/mds/pheno_sva_3.csv"
[1] "/home/jdominguez1/meth/epic_total_mtval.RData"
[1] "mds_b"
[1] "/home/jdominguez1/B64_DIAMETR/Scripts/REGICOR/sv/epic/mds/num_covar.sh"
[1] "/home/jdominguez1/B64_DIAMETR/Scripts/REGICOR/sv/epic/mds/chr_covar.sh"
[1] "/home/jdominguez1/B64_DIAMETR/Scripts/REGICOR/sv/epic/mds"
[1] "model_2sva_mds"
[1] "Load Pheno"
        CD8T      CD4T         NK      Bcell       Mono      Gran edat_b   BMI
1 0.07619456 0.1393569 0.04112349 0.02007543 0.07214048 0.6656603     46 26.49
2 0.07603683 0.1528462 0.05520254 0.04458735 0.10648565 0.5588166     43 26.02
3 0.04813018 0.1515593 0.01951705 0.01959071 0.07647830 0.6831601     53 26.44
4 0.03932146 0.1515411 0.04553743 0.02990477 0.04169125 0.6924453     48 28.06
5 0.06146207 0.1212866 0.02162189 0.02228318 0.07623687 0.7061815     57 27.97
6 0.01572616 0.1030858 0.09142796 0.04213294 0.12709128 0.6220528     42 31.41
  sexe smoke_6_b diab_b         sample_name mds_b          X1          sva1
1    0         0      0 200999660165_R06C01     7  0.04966086 -0.0163498468
2    1         1      1 201004220119_R04C01     4 -0.03331043 -0.0927779585
3    1         0      0 201490020041_R08C01     5  0.07419237  0.0225426813
4    0         1      0 202995640003_R04C01     1  0.01193056  0.0005309444
5    0         2      0 201005080132_R03C01     6 -0.01237567 -0.0492319441
6    0         1      0 202123800090_R01C01     3 -0.06461696 -0.0771696862
          sva2
1  0.025501715
2  0.062719281
3 -0.077825452
4  0.025289926
5 -0.002875521
6 -0.112713080
[1] "Load covariates"
       V1
1    CD8T
2    CD4T
3      NK
4   Bcell
5    Mono
6    Gran
7  edat_b
8     BMI
9      X1
10   sva1
11   sva2
         V1
1      sexe
2 smoke_6_b
3    diab_b
[1] "free_text"
[1] "Load methylation data - mvals"
                    cg18478105   cg09835024   cg14361672
202884930006_R01C01  2.3456655  0.947131438 -1.018925451
202884930006_R02C01 -0.5833574  1.356002168 -0.737324064
202884930006_R03C01  0.2409467 -0.007322988 -0.005791398
[1] "Same dim"
[1] TRUE
[1] "Dims de mt_val"
[1]    262 810793
[1] "Pheno variables"
        CD8T      CD4T         NK      Bcell       Mono      Gran edat_b   BMI
1 0.07619456 0.1393569 0.04112349 0.02007543 0.07214048 0.6656603     46 26.49
2 0.07603683 0.1528462 0.05520254 0.04458735 0.10648565 0.5588166     43 26.02
3 0.04813018 0.1515593 0.01951705 0.01959071 0.07647830 0.6831601     53 26.44
4 0.03932146 0.1515411 0.04553743 0.02990477 0.04169125 0.6924453     48 28.06
5 0.06146207 0.1212866 0.02162189 0.02228318 0.07623687 0.7061815     57 27.97
6 0.01572616 0.1030858 0.09142796 0.04213294 0.12709128 0.6220528     42 31.41
           X1          sva1         sva2 sexe smoke_6_b diab_b
1  0.04966086 -0.0163498468  0.025501715    0         0      0
2 -0.03331043 -0.0927779585  0.062719281    1         1      1
3  0.07419237  0.0225426813 -0.077825452    1         0      0
4  0.01193056  0.0005309444  0.025289926    0         1      0
5 -0.01237567 -0.0492319441 -0.002875521    0         2      0
6 -0.06461696 -0.0771696862 -0.112713080    0         1      0
          sample_name mds_b
1 200999660165_R06C01     7
2 201004220119_R04C01     4
3 201490020041_R08C01     5
4 202995640003_R04C01     1
5 201005080132_R03C01     6
6 202123800090_R01C01     3
 [1] "CD8T"        "CD4T"        "NK"          "Bcell"       "Mono"       
 [6] "Gran"        "edat_b"      "BMI"         "X1"          "sva1"       
[11] "sva2"        "sexe"        "smoke_6_b"   "diab_b"      "sample_name"
[16] "mds_b"      
[1] 262  16
[1] "cpgs to analyze"
[1]    262 810793
[1] 810793
[1] "diet=x1"
[1] 7 4 5 1 6
[1] "covar=X"
[1] "cbind(pheno$CD8T,pheno$CD4T,pheno$NK,pheno$Bcell,pheno$Mono,pheno$Gran,pheno$edat_b,pheno$BMI,pheno$X1,pheno$sva1,pheno$sva2,factor(pheno$sexe),factor(pheno$smoke_6_b),factor(pheno$diab_b))"
[1] "Trying what is in X"
 [1] "CD8T"      "CD4T"      "NK"        "Bcell"     "Mono"      "Gran"     
 [7] "edat_b"    "BMI"       "X1"        "sva1"      "sva2"      "sexe"     
[13] "smoke_6_b" "diab_b"   
[1] "info prior to ewas"
[1] TRUE
[1]    262 810793
[1]    262 810793
[1] 262  16
[1] 262  16
'data.frame':	262 obs. of  16 variables:
 $ CD8T       : num  0.0762 0.076 0.0481 0.0393 0.0615 ...
 $ CD4T       : num  0.139 0.153 0.152 0.152 0.121 ...
 $ NK         : num  0.0411 0.0552 0.0195 0.0455 0.0216 ...
 $ Bcell      : num  0.0201 0.0446 0.0196 0.0299 0.0223 ...
 $ Mono       : num  0.0721 0.1065 0.0765 0.0417 0.0762 ...
 $ Gran       : num  0.666 0.559 0.683 0.692 0.706 ...
 $ edat_b     : int  46 43 53 48 57 42 65 51 48 55 ...
 $ BMI        : num  26.5 26 26.4 28.1 28 ...
 $ X1         : num  0.0497 -0.0333 0.0742 0.0119 -0.0124 ...
 $ sva1       : num  -0.01635 -0.092778 0.022543 0.000531 -0.049232 ...
 $ sva2       : num  0.0255 0.06272 -0.07783 0.02529 -0.00288 ...
 $ sexe       : int  0 1 1 0 0 0 1 0 1 1 ...
 $ smoke_6_b  : int  0 1 0 1 2 1 0 0 0 0 ...
 $ diab_b     : int  0 1 0 0 0 0 0 0 0 0 ...
 $ sample_name: chr  "200999660165_R06C01" "201004220119_R04C01" "201490020041_R08C01" "202995640003_R04C01" ...
 $ mds_b      : int  7 4 5 1 6 3 3 4 5 6 ...
NULL
[1] "Linear regresion - EWAS"
