WARNING: ignoring environment value of R_HOME
[1] "Fri Dec 24 16:36:48 2021"
[1] "libraries"
[1] "loading files"
[1] "/home/jdominguez1/B64_DIAMETR/Scripts/FHS/sv/mds/pheno_sva_2.csv"
[1] "/home/jdominguez1/B64_DIAMETR/Scripts/FHS/sv/mds/small_mt.RData"
[1] "mds"
[1] "/home/jdominguez1/B64_DIAMETR/Scripts/FHS/sv/mds/num_covar.sh"
[1] "/home/jdominguez1/B64_DIAMETR/Scripts/FHS/sv/mds/chr_covar.sh"
[1] "/home/jdominguez1/B64_DIAMETR/Scripts/FHS/sv/mds"
[1] "model_2sva_mds"
[1] "Load Pheno"
         CD8T       CD4T         NK       Bcell       Mono      Gran age
1 0.000000000 0.21292473 0.07889540 0.007258509 0.17627044 0.5114801  67
2 0.001040759 0.11087761 0.13638718 0.036475088 0.08182578 0.6431030  72
3 0.000000000 0.27973146 0.10197352 0.012998972 0.13679723 0.4448398  66
4 0.009870351 0.08959521 0.02725115 0.049313647 0.07278174 0.7433519  63
5 0.039606166 0.12969353 0.01457524 0.037223957 0.07758074 0.7045845  74
6 0.034962906 0.05486569 0.19303464 0.079010385 0.12189220 0.5126549  67
  NUT_CALOR sex family_ID smoke             Slide mds         sva1         sva2
1   2015.45   1         0 never 9023786060_R01C02   6  0.014280352  0.003505297
2   1894.04   1         0 never 8691803131_R04C01   6 -0.006768763 -0.013560766
3   1547.52   1        11 never 8942334084_R05C01   3 -0.032248371  0.003774974
4   2240.05   2        12 never 8942289149_R03C02   6  0.022050718 -0.029046064
5   1533.20   2        13 never 8691811023_R04C02   1 -0.012908289 -0.012929420
6   1738.55   2        15 never 8691811098_R03C02   4  0.000329466  0.013750107
[1] "Load covariates"
         V1
1      CD8T
2      CD4T
3        NK
4     Bcell
5      Mono
6      Gran
7       age
8 NUT_CALOR
         V1
1       sex
2 family_ID
3     smoke
[1] "free_text"
[1] "Load methylation data - mvals"
[1]  2542 10000
                  cg01707559 cg02004872  cg02494853
8221924002_R01C01  0.7586217  0.2871778 -0.51808342
8221924002_R01C02 -0.5950692 -1.5586010  0.04942762
8221924002_R02C01 -1.0404658 -1.0973081 -0.46112379
[1] "Same dim"
[1] TRUE
[1] "Dims de mt_val"
[1]  1843 10000
[1] "Pheno variables"
         CD8T       CD4T         NK       Bcell       Mono      Gran age
1 0.000000000 0.21292473 0.07889540 0.007258509 0.17627044 0.5114801  67
2 0.001040759 0.11087761 0.13638718 0.036475088 0.08182578 0.6431030  72
3 0.000000000 0.27973146 0.10197352 0.012998972 0.13679723 0.4448398  66
4 0.009870351 0.08959521 0.02725115 0.049313647 0.07278174 0.7433519  63
5 0.039606166 0.12969353 0.01457524 0.037223957 0.07758074 0.7045845  74
6 0.034962906 0.05486569 0.19303464 0.079010385 0.12189220 0.5126549  67
  NUT_CALOR sex family_ID smoke             Slide mds
1   2015.45   1         0 never 9023786060_R01C02   6
2   1894.04   1         0 never 8691803131_R04C01   6
3   1547.52   1        11 never 8942334084_R05C01   3
4   2240.05   2        12 never 8942289149_R03C02   6
5   1533.20   2        13 never 8691811023_R04C02   1
6   1738.55   2        15 never 8691811098_R03C02   4
 [1] "CD8T"      "CD4T"      "NK"        "Bcell"     "Mono"      "Gran"     
 [7] "age"       "NUT_CALOR" "sex"       "family_ID" "smoke"     "Slide"    
[13] "mds"      
[1] 1843   13
[1] "cpgs to analyze"
[1]  1843 10000
[1] 10000
[1] "diet=x1"
[1] 6 6 3 6 1
[1] "covar=X"
[1] "cbind(pheno$CD8T,pheno$CD4T,pheno$NK,pheno$Bcell,pheno$Mono,pheno$Gran,pheno$age,pheno$NUT_CALOR,factor(pheno$sex),factor(pheno$family_ID),factor(pheno$smoke))"
[1] "Trying what is in X"
 [1] "CD8T"      "CD4T"      "NK"        "Bcell"     "Mono"      "Gran"     
 [7] "age"       "NUT_CALOR" "sex"       "family_ID" "smoke"    
[1] "info prior to ewas"
[1] TRUE
[1]  1843 10000
[1]    23 10000
[1] 1843   13
[1] 1843   13
'data.frame':	1843 obs. of  13 variables:
 $ CD8T     : num  0 0.00104 0 0.00987 0.03961 ...
 $ CD4T     : num  0.2129 0.1109 0.2797 0.0896 0.1297 ...
 $ NK       : num  0.0789 0.1364 0.102 0.0273 0.0146 ...
 $ Bcell    : num  0.00726 0.03648 0.013 0.04931 0.03722 ...
 $ Mono     : num  0.1763 0.0818 0.1368 0.0728 0.0776 ...
 $ Gran     : num  0.511 0.643 0.445 0.743 0.705 ...
 $ age      : int  67 72 66 63 74 67 75 68 67 69 ...
 $ NUT_CALOR: num  2015 1894 1548 2240 1533 ...
 $ sex      : Factor w/ 2 levels "1","2": 1 1 1 2 2 2 2 2 1 1 ...
 $ family_ID: Factor w/ 930 levels "0","5","11","12",..: 1 1 3 4 5 6 1 9 11 12 ...
 $ smoke    : Factor w/ 3 levels "current","ex-smoker",..: 3 3 3 3 3 3 3 3 1 3 ...
 $ Slide    : chr  "9023786060_R01C02" "8691803131_R04C01" "8942334084_R05C01" "8942289149_R03C02" ...
 $ mds      : int  6 6 3 6 1 4 4 5 2 5 ...
NULL
[1] "Linear regresion - EWAS"
Linear mixed model fit by REML ['lmerMod']
Formula: y ~ x1 + X + (1 | family_ID)
   Data: cbind(pheno, mt_val)

REML criterion at convergence: 2080.8

Scaled residuals: 
    Min      1Q  Median      3Q     Max 
-5.9238 -0.5764  0.0798  0.6264  6.0080 

Random effects:
 Groups    Name        Variance Std.Dev.
 family_ID (Intercept) 0.0000   0.0000  
 Residual              0.1742   0.4174  
Number of obs: 1843, groups:  family_ID, 930

Fixed effects:
              Estimate Std. Error t value
(Intercept) -3.399e-01  7.264e-01  -0.468
x1          -3.966e-03  5.638e-03  -0.704
XCD8T        3.396e+00  6.547e-01   5.187
XCD4T        3.632e+00  7.487e-01   4.850
XNK          3.060e+00  7.565e-01   4.045
XBcell       3.872e+00  7.383e-01   5.244
XMono        3.523e+00  7.923e-01   4.447
XGran        3.342e+00  7.186e-01   4.651
Xage        -5.358e-03  1.210e-03  -4.429
XNUT_CALOR  -5.789e-07  1.798e-05  -0.032
Xsex        -1.826e+00  2.183e-02 -83.632
Xfamily_ID  -2.294e-05  3.329e-05  -0.689
Xsmoke       3.437e-02  1.705e-02   2.016
fit warnings:
Some predictor variables are on very different scales: consider rescaling
optimizer (nloptwrap) convergence code: 0 (OK)
boundary (singular) fit: see ?isSingular

 Coefficient           Sd      P value 
-0.003966373  0.005637689 -0.703545857 
[1] "###############################################THE END###############################################"
