WARNING: ignoring environment value of R_HOME
[1] "Fri Nov 26 13:25:35 2021"
[1] "libraries"
[1] "loading files"
[1] "/home/jdominguez1/B64_DIAMETR/Dades/FHS/fhs_diet_cellsVarsFam.RData"
[1] "/home/jdominguez1/meth/mt_value_n_no_extrem_value_analysis.RData"
[1] "rmed"
[1] "/home/jdominguez1/B64_DIAMETR/Scripts/FHS/sv/num_covar.sh"
[1] "/home/jdominguez1/B64_DIAMETR/Scripts/FHS/sv/chr_covar.sh"
[1] "/home/jdominguez1/B64_DIAMETR/Scripts/FHS/sv/rmed"
[1] "pheno_sva_"
[1] "Load Pheno"
'data.frame':	1853 obs. of  55 variables:
 $ shareid         : num  9 28 35 36 37 51 64 65 96 103 ...
 $ Slide           : chr  "9023786060_R01C02" "8691803131_R04C01" "8942334084_R05C01" "8942289149_R03C02" ...
 $ CD8T            : num  0 0.00104 0 0.00987 0.03961 ...
 $ CD4T            : num  0.2129 0.1109 0.2797 0.0896 0.1297 ...
 $ NK              : num  0.0789 0.1364 0.102 0.0273 0.0146 ...
 $ Bcell           : num  0.00726 0.03648 0.013 0.04931 0.03722 ...
 $ Mono            : num  0.1763 0.0818 0.1368 0.0728 0.0776 ...
 $ Gran            : num  0.511 0.643 0.445 0.743 0.705 ...
 $ sex             : Factor w/ 2 levels "1","2": 1 1 1 2 2 2 2 2 1 1 ...
 $ age             : int  67 72 66 63 74 67 75 68 67 69 ...
 $ tot_chol        : int  153 175 195 208 250 181 200 197 170 230 ...
 $ hdl_chol        : int  67 40 55 70 70 68 116 74 32 51 ...
 $ trig            : int  46 151 104 119 301 116 93 46 320 114 ...
 $ glucose         : int  96 102 100 102 103 103 96 96 162 86 ...
 $ creatini        : num  0.88 1.03 0.96 0.77 0.57 0.84 0.98 0.77 1.31 1.15 ...
 $ ldl_chol        : num  76.8 104.8 119.2 114.2 119.8 ...
 $ sbp1            : int  124 172 140 134 138 108 110 126 118 110 ...
 $ dbp1            : int  74 84 82 82 78 60 68 76 62 68 ...
 $ sbp2            : int  130 158 128 134 134 106 108 118 110 124 ...
 $ dbp2            : int  76 74 76 78 62 60 68 70 56 66 ...
 $ medita          : num  1 1 1 1 1 1 1 0 1 0 ...
 $ medicol         : num  1 1 1 1 1 0 1 0 1 0 ...
 $ smoke_start     : int  0 0 0 0 0 0 0 0 12 0 ...
 $ smoke_end       : int  0 0 0 0 0 0 0 0 67 0 ...
 $ weight1         : int  191 200 153 147 211 177 169 132 145 175 ...
 $ height1         : num  70.8 68.5 67 60.2 62.8 ...
 $ waist_u1        : num  37.8 43.2 35.5 39 57.5 ...
 $ waist_i1        : num  37 44 35 35.2 43 ...
 $ sbp             : int  124 158 128 134 134 106 108 118 110 110 ...
 $ dbp             : int  74 74 76 78 62 60 68 70 56 66 ...
 $ weight          : num  86.6 90.7 69.4 66.7 95.7 ...
 $ height          : num  180 174 170 153 159 ...
 $ waist_u         : num  95.9 109.9 90.2 99.1 146.1 ...
 $ waist_i         : num  94 111.8 88.9 89.5 109.2 ...
 $ smoke           : chr  "never" "never" "never" "never" ...
 $ euc1            : num  -136.6 -123.4 -111.6 91.1 104.1 ...
 $ euc2            : num  -14.337 20.981 2.84 -0.637 7.961 ...
 $ mds             : num  6 6 3 6 1 4 4 5 2 5 ...
 $ mmds            : num  20 14 10 17 10 8 17 15 5 11 ...
 $ rmed            : num  12 10 9 10 4 4 9 9 6 11 ...
 $ hdi2015         : num  5 1 1 4 1 2 1 1 0 1 ...
 $ dashf           : num  35 28 22 24 26 13 28 32 17 24 ...
 $ hpdi            : num  68 58 48 47 50 46 65 57 52 51 ...
 $ act_mod         : num  0 472 0 485 1562 ...
 $ act_int         : num  0 0 0 165 922 ...
 $ act_lig         : num  42 84 147 63 105 84 126 84 189 84 ...
 $ MET             : num  42 556 147 713 2590 ...
 $ dbGaP_Subject_ID: chr  "16962" "16971" "16974" "16975" ...
 $ pedno           : chr  "1524" "1192" "1494" "790" ...
 $ fshare          : chr  "" "" "17540" "14198" ...
 $ mshare          : chr  "" "" "22153" "12685" ...
 $ twinid          : chr  "" "" "" "" ...
 $ idtype          : chr  "1" "1" "1" "1" ...
 $ family_ID       : chr  "0" "0" "11" "12" ...
 $ BMI             : num  26.8 30 24 28.5 37.7 ...
[1] "Load covariates"
     V1
1  CD8T
2  CD4T
3    NK
4 Bcell
5  Mono
6  Gran
7   age
8   BMI
9   MET
         V1
1       sex
2 family_ID
3     smoke
[1] 9
[1] 3
[1] "free_text"
[1] "Load methylation data - mvals"
                  cg01707559 cg02004872  cg02494853
8221924002_R01C01  0.7586217  0.2871778 -0.51808342
8221924002_R01C02 -0.5950692 -1.5586010  0.04942762
8221924002_R02C01 -1.0404658 -1.0973081 -0.46112379
[1] "Same dim"
[1] TRUE
[1] "CD8T"  "CD4T"  "NK"    "Bcell" "Mono"  "Gran"  "age"   "BMI"   "MET"  
[1] "Pheno variables"
         CD8T       CD4T         NK       Bcell       Mono      Gran age
1 0.000000000 0.21292473 0.07889540 0.007258509 0.17627044 0.5114801  67
2 0.001040759 0.11087761 0.13638718 0.036475088 0.08182578 0.6431030  72
3 0.000000000 0.27973146 0.10197352 0.012998972 0.13679723 0.4448398  66
4 0.009870351 0.08959521 0.02725115 0.049313647 0.07278174 0.7433519  63
5 0.039606166 0.12969353 0.01457524 0.037223957 0.07758074 0.7045845  74
6 0.034962906 0.05486569 0.19303464 0.079010385 0.12189220 0.5126549  67
       BMI       MET sex family_ID smoke             Slide rmed
1 26.82741   42.0000   1         0 never 9023786060_R01C02   12
2 29.96727  556.5000   1         0 never 8691803131_R04C01   10
3 23.96294  147.0000   1        11 never 8942334084_R05C01    9
4 28.47092  713.4167   2        12 never 8942289149_R03C02   10
5 37.67500 2590.0000   2        13 never 8691811023_R04C02    4
6 29.68192   84.0000   2        15 never 8691811098_R03C02    4
 [1] "CD8T"      "CD4T"      "NK"        "Bcell"     "Mono"      "Gran"     
 [7] "age"       "BMI"       "MET"       "sex"       "family_ID" "smoke"    
[13] "Slide"     "rmed"     
[1] 1853   14
[1] "mt_val_matrix_t"
