WARNING: ignoring environment value of R_HOME
[1] "Tue Mar 29 10:26:12 2022"
[1] "libraries"
[1] "loading files"
[1] "/home/jdominguez1/B64_DIAMETR/Scripts/WHI/sv_cpgs_bmi/mmds/pheno_sva_2.csv"
[1] "/home/jdominguez1/B64_DIAMETR/Scripts/WHI/sv_bmi_pa_airwave/mmds/mvalues_sd_mmds.RData"
[1] "/home/jdominguez1/B64_DIAMETR/Scripts/WHI/sv_cpgs_bmi/mmds/num_covar.sh"
[1] "/home/jdominguez1/B64_DIAMETR/Scripts/WHI/sv_cpgs_bmi/mmds/chr_covar.sh"
[1] "/home/jdominguez1/B64_DIAMETR/Scripts/WHI/sv_cpgs_bmi/mmds/"
[1] "model_2sva_mmds"
[1] "Load Pheno"
         CD8T       CD4T         NK      Bcell       Mono      Gran AGE
1 0.061943725 0.27568608 0.16516399 0.11123658 0.17659598 0.2482576  64
2 0.081198619 0.06963637 0.05424570 0.04697695 0.11289852 0.6580138  57
3 0.008634322 0.16914383 0.09992793 0.07461454 0.07704890 0.5934211  68
4 0.016417426 0.20588560 0.06090897 0.08275327 0.09195952 0.5586001  62
5 0.016034726 0.21360952 0.03254769 0.03473417 0.06335019 0.6499472  55
6 0.083611965 0.14536596 0.12861383 0.05519101 0.08523253 0.5384358  62
  F60ENRGY     BMIX   TEXPWK SMOKING RACE             Slide mmds         sva1
1 1237.716 29.83146  2.25000       0    3 9482800090_R04C01   15 -0.017565292
2 1071.260 31.53782  4.50000       0    4 9553728036_R02C02   13 -0.042072349
3 2596.676 29.22521 30.33333       0    3 9482800007_R03C01   15  0.010334608
4 1544.939 41.46912  4.50000       1    3 9482800128_R04C02   13  0.007930087
5 2144.237 31.50685  0.75000       0    4 9553728100_R05C01    9 -0.026497087
6 1643.618 47.63267  0.00000       2    3 9553728095_R06C01   10 -0.014538420
          sva2
1  0.041554391
2 -0.019015021
3 -0.010468326
4 -0.024115073
5 -0.026046344
6 -0.005376259
[1] "Load covariates"
         V1
1      CD8T
2      CD4T
3        NK
4     Bcell
5      Mono
6      Gran
7       AGE
8  F60ENRGY
9      sva1
10     sva2
       V1
1 SMOKING
2    RACE
[1] "free_text"
[1] "Load methylation data - mvals"
                  cg00639656  cg00711496 cg01543583
9553728063_R04C02  0.6439661  0.02691873  0.2719358
9553728063_R02C01  0.1143074 -0.21308600  0.2979389
9553728001_R05C01  1.1598533 -0.57008094  0.3010105
[1] "Same dim"
[1] TRUE
[1] "Dims de mt_val"
[1] 1643   53
[1] "Pheno variables"
         CD8T       CD4T         NK      Bcell       Mono      Gran AGE
1 0.061943725 0.27568608 0.16516399 0.11123658 0.17659598 0.2482576  64
2 0.081198619 0.06963637 0.05424570 0.04697695 0.11289852 0.6580138  57
3 0.008634322 0.16914383 0.09992793 0.07461454 0.07704890 0.5934211  68
4 0.016417426 0.20588560 0.06090897 0.08275327 0.09195952 0.5586001  62
5 0.016034726 0.21360952 0.03254769 0.03473417 0.06335019 0.6499472  55
6 0.083611965 0.14536596 0.12861383 0.05519101 0.08523253 0.5384358  62
  F60ENRGY         sva1         sva2 SMOKING RACE             Slide     BMIX
1 1237.716 -0.017565292  0.041554391       0    3 9482800090_R04C01 29.83146
2 1071.260 -0.042072349 -0.019015021       0    4 9553728036_R02C02 31.53782
3 2596.676  0.010334608 -0.010468326       0    3 9482800007_R03C01 29.22521
4 1544.939  0.007930087 -0.024115073       1    3 9482800128_R04C02 41.46912
5 2144.237 -0.026497087 -0.026046344       0    4 9553728100_R05C01 31.50685
6 1643.618 -0.014538420 -0.005376259       2    3 9553728095_R06C01 47.63267
 [1] "CD8T"     "CD4T"     "NK"       "Bcell"    "Mono"     "Gran"    
 [7] "AGE"      "F60ENRGY" "sva1"     "sva2"     "SMOKING"  "RACE"    
[13] "Slide"    "BMIX"    
[1] 1643   14
[1] "cpgs to analyze"
[1] 1643   53
[1] 53
[1] "covar=X"
[1] "cbind(pheno$CD8T,pheno$CD4T,pheno$NK,pheno$Bcell,pheno$Mono,pheno$Gran,pheno$AGE,pheno$F60ENRGY,pheno$sva1,pheno$sva2,factor(pheno$SMOKING),factor(pheno$RACE))"
[1] "Trying what is in X"
 [1] "CD8T"     "CD4T"     "NK"       "Bcell"    "Mono"     "Gran"    
 [7] "AGE"      "F60ENRGY" "sva1"     "sva2"     "SMOKING"  "RACE"    
[1] "info prior to ewas"
[1] TRUE
[1] 1643   53
[1] 1588   53
[1] 1643   14
[1] 1643   14
'data.frame':	1643 obs. of  14 variables:
 $ CD8T    : num  0.06194 0.0812 0.00863 0.01642 0.01603 ...
 $ CD4T    : num  0.2757 0.0696 0.1691 0.2059 0.2136 ...
 $ NK      : num  0.1652 0.0542 0.0999 0.0609 0.0325 ...
 $ Bcell   : num  0.1112 0.047 0.0746 0.0828 0.0347 ...
 $ Mono    : num  0.1766 0.1129 0.077 0.092 0.0634 ...
 $ Gran    : num  0.248 0.658 0.593 0.559 0.65 ...
 $ AGE     : int  64 57 68 62 55 62 65 66 51 71 ...
 $ F60ENRGY: num  1238 1071 2597 1545 2144 ...
 $ sva1    : num  -0.01757 -0.04207 0.01033 0.00793 -0.0265 ...
 $ sva2    : num  0.0416 -0.019 -0.0105 -0.0241 -0.026 ...
 $ SMOKING : int  0 0 0 1 0 2 0 0 0 0 ...
 $ RACE    : int  3 4 3 3 4 3 3 3 3 4 ...
 $ Slide   : chr  "9482800090_R04C01" "9553728036_R02C02" "9482800007_R03C01" "9482800128_R04C02" ...
 $ BMIX    : num  29.8 31.5 29.2 41.5 31.5 ...
NULL
[1] "Linear regresion - EWAS"
[[1]]
 Coefficient           Sd      P value 
-0.707197448  0.266472573  0.008033814 

[[2]]
Coefficient          Sd     P value 
 -0.1492593   0.1580396   0.3450840 

[[3]]
Coefficient          Sd     P value 
-0.02419712  0.15786910  0.87820173 

[[4]]
Coefficient          Sd     P value 
 -0.1741314   0.1671078   0.2975529 

[[5]]
  Coefficient            Sd       P value 
-0.9131115636  0.2735213561  0.0008617599 

[[6]]
Coefficient          Sd     P value 
  0.3317005   0.2324894   0.1538484 

[1] "Let's save it!"
            [,1]      [,2]         [,3]
[1,] -0.70719745 0.2664726 0.0080338139
[2,] -0.14925926 0.1580396 0.3450840421
[3,] -0.02419712 0.1578691 0.8782017300
[4,] -0.17413140 0.1671078 0.2975529441
[5,] -0.91311156 0.2735214 0.0008617599
[6,]  0.33170049 0.2324894 0.1538484173
[1] "Tue Mar 29 10:26:13 2022"
[1] "###############################################THE END###############################################"
