WARNING: ignoring environment value of R_HOME
Starting analysis on  Tue Nov 16 10:32:58 2021


##################################################################
####                ANALYZING BETAS FOR 450                   ####
##################################################################



Minfi loaded successfully
limmaIlluminaHumanMethylation450kmanifest
IlluminaHumanMethylation450kanno.ilmn12.hg19

Loading BETAS for 450
[1] 485512    646

betas_450 loaded

Loading regicor database


Regicor database loaded!


betas reduced to new size...
[1] 485512    579
           9533774091_R01C01 9533774091_R05C01 8963311105_R04C02
cg13869341        0.83473554        0.79979661        0.85428511
cg14008030        0.56108471        0.58382214        0.56147448
cg12045430        0.09602623        0.09014789        0.07936035
cg20826792        0.18248296        0.17290469        0.20237875
cg00381604        0.06487627        0.06716997        0.06932841
cg20253340        0.45994425        0.81076419        0.45918347
           8963311060_R06C02 8963311139_R04C02 8963311060_R05C01
cg13869341        0.84157849        0.87194140        0.81520908
cg14008030        0.48029520        0.58359362        0.53676361
cg12045430        0.06939464        0.08157008        0.07728606
cg20826792        0.18927951        0.19113026        0.19284264
cg00381604        0.07448680        0.07146760        0.07385054
cg20253340        0.51579558        0.47791967        0.49328127
           8963311059_R04C01 9007217008_R05C02 9007217048_R05C02
cg13869341        0.90786380        0.86839356        0.84380209
cg14008030        0.59710846        0.46906977        0.51383503
cg12045430        0.07785367        0.07822507        0.07719462
cg20826792        0.20326011        0.16822985        0.20920604
cg00381604        0.07753327        0.08288402        0.06141315
cg20253340        0.51457453        0.53796201        0.41758577
           9007217048_R01C01 8963311105_R03C01 8963311059_R06C02
cg13869341        0.80274808        0.86579719        0.85182030
cg14008030        0.52387081        0.53131319        0.55576526
cg12045430        0.08676677        0.09814278        0.07609545
cg20826792        0.18033034        0.21615040        0.18207213
cg00381604        0.07830357        0.07611033        0.07401703
cg20253340        0.60026341        0.38327227        0.56228859
           9007217012_R01C02 9007217008_R06C02 9007217012_R02C01
cg13869341        0.88898955        0.87515969        0.88783443
cg14008030        0.57745349        0.51383949        0.55108821
cg12045430        0.07544520        0.06754260        0.09509605
cg20826792        0.21450517        0.17562409        0.21067079
cg00381604        0.07204343        0.05883872        0.06645785
cg20253340        0.56502360        0.57439290        0.59968876
           8963311059_R04C02 8963311060_R03C01 8963311060_R04C01
cg13869341        0.88652706        0.86494307        0.91534330
cg14008030        0.54831273        0.58106075        0.49341021
cg12045430        0.07501541        0.07370289        0.08017443
cg20826792        0.18220327        0.19403922        0.19290050
cg00381604        0.08152440        0.07511143        0.06990522
cg20253340        0.35858621        0.48475028        0.51400666
           8963311075_R02C01 8963311075_R01C01 8963311060_R05C02
cg13869341        0.84063694        0.82224366        0.80670428
cg14008030        0.49068174        0.46966259        0.46373817
cg12045430        0.07491184        0.08350292        0.06234645
cg20826792        0.14520916        0.18479675        0.23945177
cg00381604        0.08773015        0.07033066        0.06482255
cg20253340        0.75031794        0.47032084        0.59691047
           8963311060_R04C02 8963311060_R03C02 8963311060_R06C01
cg13869341         0.7579889         0.7637490        0.85728815
cg14008030         0.4895872         0.5309300        0.48242489
cg12045430         0.0762817         0.0686932        0.07492983
cg20826792         0.2463649         0.2195668        0.22844585
cg00381604         0.0699660         0.0725960        0.06059089
cg20253340         0.5880014         0.5055171        0.53474011
           8963311071_R03C01 8963311060_R02C01 9007217012_R04C01
cg13869341        0.91567618        0.81655739        0.88415199
cg14008030        0.53247070        0.51083458        0.55105417
cg12045430        0.08575926        0.08247927        0.08290733
cg20826792        0.17941291        0.22615500        0.22494408
cg00381604        0.07367009        0.07391280        0.07490874
cg20253340        0.55524296        0.58113514        0.57995317
           8963311059_R05C01 8963311059_R06C01 8963311030_R06C02
cg13869341        0.85327558        0.88580223        0.91531976
cg14008030        0.55255477        0.49754980        0.54845194
cg12045430        0.07254538        0.07819534        0.08625946
cg20826792        0.19456153        0.23214032        0.19022814
cg00381604        0.07362920        0.06903329        0.06000388
cg20253340        0.45545255        0.44897224        0.54893856
           9007217008_R04C02 8963311059_R02C02 9007217008_R03C01
cg13869341        0.90634152        0.79953469        0.89172933
cg14008030        0.58858707        0.55225933        0.51609411
cg12045430        0.07913090        0.07945167        0.09933363
cg20826792        0.18382842        0.21121090        0.17659883
cg00381604        0.07078111        0.06717115        0.08358143
cg20253340        0.42272853        0.59701938        0.50961072
           8963311030_R05C02 8963311059_R01C01 8963311030_R03C02
cg13869341        0.87630732        0.89528215        0.87492305
cg14008030        0.56780687        0.52779457        0.49155113
cg12045430        0.07035030        0.08580847        0.07786932
cg20826792        0.17843260        0.20290180        0.18012727
cg00381604        0.07360125        0.07351821        0.07220209
cg20253340        0.56856856        0.43723220        0.58646923
           8963311059_R03C01 8963311030_R02C02 8963311030_R05C01
cg13869341        0.85379808        0.87272313        0.88266327
cg14008030        0.48942030        0.56271590        0.52958983
cg12045430        0.08153006        0.08141832        0.07062189
cg20826792        0.20613133        0.21674192        0.21348464
cg00381604        0.08980131        0.07701418        0.08009207
cg20253340        0.52466865        0.51349252        0.41282138
           8963311102_R06C01 9007217012_R03C01 8963311060_R02C02
cg13869341        0.90408026        0.91450072        0.83178181
cg14008030        0.54167320        0.54041858        0.55395700
cg12045430        0.08041399        0.08946576        0.08699592
cg20826792        0.17282594        0.22788226        0.19800393
cg00381604        0.08611488        0.07881445        0.07940003
cg20253340        0.56095725        0.52648130        0.40125850
           8963311059_R02C01 8963311059_R03C02 8963311060_R01C01
cg13869341        0.85662582        0.84909239        0.85831790
cg14008030        0.57795315        0.51489663        0.53135024
cg12045430        0.07846507        0.08210956        0.10155358
cg20826792        0.19482552        0.19957460        0.19753082
cg00381604        0.07053006        0.06880067        0.07428962
cg20253340        0.50022698        0.54784244        0.42540440
           9007217012_R06C01 9007217012_R05C01 8963311075_R03C02
cg13869341        0.91349846        0.82632599        0.84130600
cg14008030        0.61365358        0.54997404        0.60286601
cg12045430        0.07392612        0.08962287        0.07974051
cg20826792        0.18672067        0.24186862        0.19098893
cg00381604        0.07568144        0.08158799        0.05771919
cg20253340        0.42752989        0.64937590        0.50552429
           8963311071_R01C01 9533774065_R04C02 9007217008_R02C02
cg13869341        0.89325495        0.86865525        0.90825482
cg14008030        0.52785473        0.55983255        0.53567565
cg12045430        0.07731551        0.07670800        0.08570454
cg20826792        0.18708215        0.20253298        0.18712271
cg00381604        0.08797241        0.08127028        0.09200340
cg20253340        0.43246537        0.55092898        0.48639919
           9533774065_R05C02 8963311071_R05C02 8963311030_R06C01
cg13869341        0.88323887        0.89690116        0.90200156
cg14008030        0.58153574        0.48362016        0.56514874
cg12045430        0.08358605        0.06971831        0.06015898
cg20826792        0.22174819        0.23451989        0.17978221
cg00381604        0.05974652        0.07741089        0.06863634
cg20253340        0.48746540        0.43399794        0.48358950
           8963311070_R02C02 9007217048_R02C02 9007217008_R01C01
cg13869341        0.90487184        0.91727697        0.83699737
cg14008030        0.60344041        0.55860010        0.55316813
cg12045430        0.07620154        0.08585989        0.09322740
cg20826792        0.18031035        0.23394550        0.21705766
cg00381604        0.05922310        0.07503659        0.06921025
cg20253340        0.67522780        0.52776430        0.52770917
           8963311059_R01C02 9007217008_R06C01 8963311030_R04C02
cg13869341        0.89499944        0.90290917        0.84392087
cg14008030        0.52790992        0.54936072        0.51027355
cg12045430        0.08218392        0.07507500        0.08825683
cg20826792        0.19540632        0.18508748        0.21645415
cg00381604        0.07022290        0.07511126        0.09549718
cg20253340        0.44430538        0.50023009        0.45173356
           9007217012_R01C01 9007217048_R04C01 9007217048_R03C01
cg13869341        0.88021534        0.87347577        0.92357822
cg14008030        0.55069446        0.52664841        0.53976320
cg12045430        0.10253613        0.07484637        0.09508947
cg20826792        0.21533368        0.23240272        0.20384159
cg00381604        0.07558143        0.05659294        0.05789932
cg20253340        0.54015795        0.57689110        0.64370530
           8963311071_R04C01 9007217048_R05C01 9007217048_R06C01
cg13869341        0.87900803        0.86739415        0.85472420
cg14008030        0.56150409        0.53322810        0.52251641
cg12045430        0.07486564        0.08213998        0.07998667
cg20826792        0.17307422        0.21552098        0.21300644
cg00381604        0.07778454        0.07325069        0.05924027
cg20253340        0.58442621        0.44616658        0.48717505
           9007217048_R01C02 8963311071_R06C01 8963311070_R05C01
cg13869341        0.87823364        0.88575781        0.91107600
cg14008030        0.51526835        0.53839425        0.54075845
cg12045430        0.09472198        0.06732330        0.06516896
cg20826792        0.25815271        0.21092344        0.20926492
cg00381604        0.05915147        0.07329048        0.06980486
cg20253340        0.40986190        0.55010468        0.50450518
           9007217048_R03C02 9007217048_R06C02 8963311070_R01C02
cg13869341        0.87548298        0.86917416        0.88271063
cg14008030        0.49913551        0.49683180        0.54798143
cg12045430        0.08728919        0.08675223        0.08097285
cg20826792        0.21048647        0.20491344        0.20725683
cg00381604        0.06517526        0.06077761        0.07772427
cg20253340        0.52574144        0.52257489        0.63942073
           8963311070_R03C02 8963311070_R06C01 8963311070_R05C02
cg13869341        0.86030120        0.86760702        0.87444798
cg14008030        0.50111741        0.56012959        0.56246377
cg12045430        0.08623671        0.06924704        0.08808800
cg20826792        0.17520347        0.16502754        0.17722946
cg00381604        0.06876912        0.06144926        0.05513939
cg20253340        0.54873835        0.45705836        0.52138554
           8963311070_R06C02 8963311071_R02C01 8963311071_R01C02
cg13869341        0.92086302        0.83054215        0.86794283
cg14008030        0.56075062        0.47460001        0.57647229
cg12045430        0.05789634        0.08765971        0.07208722
cg20826792        0.16684123        0.20873824        0.18986668
cg00381604        0.04843820        0.06711701        0.06547710
cg20253340        0.49299427        0.52305234        0.58876939
           8963311071_R05C01 8963311103_R05C02 8963311103_R03C02
cg13869341        0.84273848        0.91458149        0.84883662
cg14008030        0.56635468        0.49851860        0.53411763
cg12045430        0.07152791        0.07726071        0.09279672
cg20826792        0.19269806        0.12962794        0.20242167
cg00381604        0.06464331        0.07423799        0.07568256
cg20253340        0.54450808        0.48089248        0.55958983
           8963311071_R02C02 8963311103_R06C02 8963311071_R04C02
cg13869341        0.78958530        0.87721448        0.89545884
cg14008030        0.49928725        0.54170991        0.57456185
cg12045430        0.07205478        0.06725136        0.06899595
cg20826792        0.20223465        0.18436719        0.19159092
cg00381604        0.06776694        0.08504673        0.07996023
cg20253340        0.62414630        0.50917387        0.64982728
           8963311071_R03C02 9007217008_R01C02 8963311103_R02C02
cg13869341        0.87262957        0.86325668        0.83624533
cg14008030        0.57155706        0.56299857        0.53959101
cg12045430        0.08134463        0.07075173        0.08502062
cg20826792        0.20034506        0.22665514        0.17614722
cg00381604        0.07128884        0.07247796        0.08524008
cg20253340        0.55014052        0.40597533        0.47889832
           8963311103_R01C01 8963311103_R06C01 8963311071_R06C02
cg13869341        0.85957618        0.88520288        0.79596306
cg14008030        0.55531299        0.49126579        0.59383943
cg12045430        0.08359616        0.07652336        0.06084241
cg20826792        0.15093538        0.20565066        0.20606148
cg00381604        0.08473811        0.07768730        0.08656606
cg20253340        0.53422810        0.64359242        0.54735905
           8963311103_R03C01 8963311102_R02C01 8963311105_R06C01
cg13869341        0.86433947        0.81085088        0.81626236
cg14008030        0.51839809        0.55253665        0.54644161
cg12045430        0.07783926        0.08959570        0.07074552
cg20826792        0.18318833        0.20181218        0.17151124
cg00381604        0.08368866        0.07528447        0.08893094
cg20253340        0.50395599        0.71221389        0.56909471
           8963311075_R04C01 8963311102_R01C02 8963311102_R05C01
cg13869341        0.83976467        0.87259094        0.84644138
cg14008030        0.50936331        0.48151453        0.55017799
cg12045430        0.09011395        0.09229353        0.06785081
cg20826792        0.24539533        0.21295736        0.22339136
cg00381604        0.06296139        0.04555006        0.07252283
cg20253340        0.51295216        0.46940412        0.61767452
           8963311102_R04C01 9007217008_R02C01 8963311105_R02C02
cg13869341        0.83989324        0.82487234        0.87189929
cg14008030        0.48923057        0.51458081        0.65873695
cg12045430        0.07113500        0.06812212        0.08085656
cg20826792        0.18510914        0.18605158        0.23291249
cg00381604        0.06959896        0.06605907        0.07826475
cg20253340        0.52256802        0.57925143        0.69480100
           8963311103_R05C01 8963311102_R06C02 9007217012_R05C02
cg13869341        0.91363606        0.92754058        0.84500523
cg14008030        0.57632266        0.54560185        0.52864219
cg12045430        0.07756973        0.14894385        0.08384494
cg20826792        0.15937532        0.19004973        0.23577152
cg00381604        0.08533794        0.04875855        0.08147522
cg20253340        0.61647313        0.44828411        0.55377240
           9007217012_R06C02 8963311102_R03C01 9007217022_R01C02
cg13869341        0.84620852        0.87197059        0.90909669
cg14008030        0.61670326        0.58489481        0.54709460
cg12045430        0.07512949        0.09244123        0.07885464
cg20826792        0.21286070        0.20797835        0.17843056
cg00381604        0.05178188        0.05677209        0.07177435
cg20253340        0.75100005        0.57580235        0.59471670
           8963311075_R03C01 8963311102_R05C02 8963311075_R06C01
cg13869341        0.88306052        0.90568251        0.85222643
cg14008030        0.50977626        0.59647022        0.54427145
cg12045430        0.07838544        0.07446944        0.07928537
cg20826792        0.22946328        0.22953819        0.17509680
cg00381604        0.05438366        0.08462307        0.05386129
cg20253340        0.55877661        0.42888764        0.56629054
           8963311075_R01C02 8963311075_R04C02 8963311075_R02C02
cg13869341        0.87782024        0.81408796        0.91009327
cg14008030        0.49693771        0.50518608        0.55396690
cg12045430        0.08961321        0.09212522        0.08415118
cg20826792        0.19958871        0.22468771        0.22212787
cg00381604        0.07071582        0.06849076        0.06839263
cg20253340        0.67459596        0.52624816        0.51050770
           8963311075_R06C02 8963311075_R05C02 8963311102_R02C02
cg13869341        0.90758912        0.88615438        0.88104703
cg14008030        0.48379641        0.51063495        0.57143577
cg12045430        0.06824898        0.08163500        0.09336157
cg20826792        0.25639746        0.23098513        0.24378665
cg00381604        0.06093701        0.05582587        0.08381032
cg20253340        0.51724666        0.50588910        0.47874950
           8963311105_R01C01 9007217041_R03C02 8963311105_R05C01
cg13869341        0.81083843        0.88186716        0.89975400
cg14008030        0.58592793        0.47917079        0.55949726
cg12045430        0.07425996        0.07666827        0.05597596
cg20826792        0.23245615        0.18651000        0.18759355
cg00381604        0.05854562        0.06849207        0.06726086
cg20253340        0.60707496        0.52705088        0.45887597
           8963311105_R04C01 8963311105_R01C02 9007217022_R05C02
cg13869341        0.78296310        0.81780984        0.84163044
cg14008030        0.49626132        0.60087498        0.49242254
cg12045430        0.06901670        0.08230535        0.07976086
cg20826792        0.21416842        0.19272063        0.19853036
cg00381604        0.06743567        0.06545821        0.06631683
cg20253340        0.63966900        0.50394286        0.51422738
           8963311139_R02C01 8963311102_R01C01 9007217041_R05C01
cg13869341        0.88110552        0.85977870        0.90612555
cg14008030        0.52991954        0.50915448        0.55363345
cg12045430        0.09912895        0.06935095        0.08523638
cg20826792        0.12345345        0.17450703        0.20932240
cg00381604        0.07902758        0.07663895        0.07366842
cg20253340        0.50444584        0.43752131        0.59212687
           9533774091_R03C01 9007217042_R03C01 9007217012_R03C02
cg13869341        0.83835722        0.82185577        0.84689863
cg14008030        0.54708048        0.55035288        0.50729106
cg12045430        0.10021262        0.09003416        0.09644536
cg20826792        0.17727816        0.23090161        0.22706161
cg00381604        0.06127875        0.05487472        0.06889363
cg20253340        0.53472366        0.54879517        0.54783242
           8963311103_R02C01 8963311105_R02C01 8963311139_R03C02
cg13869341        0.87414419        0.80701312        0.85065979
cg14008030        0.48210122        0.57116405        0.57703060
cg12045430        0.09009190        0.09544820        0.07348266
cg20826792        0.20977112        0.17202818        0.15994968
cg00381604        0.07777255        0.05048708        0.10572931
cg20253340        0.61839776        0.71139598        0.43303181
           8963311102_R03C02 9533774091_R06C01 8963311139_R06C01
cg13869341        0.83041220        0.86204837        0.84380856
cg14008030        0.50688931        0.55328498        0.52715533
cg12045430        0.09052360        0.09514085        0.07709701
cg20826792        0.21350321        0.18522382        0.14665280
cg00381604        0.06700675        0.07215987        0.08239770
cg20253340        0.55164656        0.56991824        0.54571071
           9007217008_R04C01 9007217008_R05C01 9007217008_R05C01
cg13869341        0.88145894        0.88069506        0.88069506
cg14008030        0.50465537        0.52164517        0.52164517
cg12045430        0.07875651        0.07478233        0.07478233
cg20826792        0.23359612        0.23685683        0.23685683
cg00381604        0.07294940        0.06566317        0.06566317
cg20253340        0.61350400        0.57970155        0.57970155
           9533774065_R06C02 9007217042_R04C01 8963311105_R06C02
cg13869341        0.83158528        0.85126897        0.82604157
cg14008030        0.53758714        0.49851454        0.54445831
cg12045430        0.07365474        0.07379550        0.07684496
cg20826792        0.17659424        0.26409929        0.16617515
cg00381604        0.07683755        0.05322728        0.07549601
cg20253340        0.60952406        0.54740089        0.60604724
           9007217008_R03C02 9007217041_R06C02 9533774091_R02C01
cg13869341        0.90799236        0.83561631        0.81125831
cg14008030        0.59356407        0.53710858        0.60895071
cg12045430        0.07161901        0.08002842        0.11007013
cg20826792        0.21650899        0.25982404        0.19555089
cg00381604        0.07055103        0.07209166        0.08684265
cg20253340        0.45827994        0.63092069        0.60817648
           9007217041_R01C02 9007217022_R01C01 9007217041_R02C02
cg13869341         0.8633880        0.82233698        0.83348234
cg14008030         0.4522633        0.52974087        0.55508297
cg12045430         0.0746675        0.09093249        0.07692662
cg20826792         0.2203603        0.20078287        0.21805011
cg00381604         0.0600455        0.07769125        0.08679016
cg20253340         0.4872546        0.52167798        0.54051940
           9533774065_R03C02 9007217022_R06C01 9533774065_R01C01
cg13869341        0.78100482        0.90360504        0.80150386
cg14008030        0.54115436        0.50181101        0.51978578
cg12045430        0.09604403        0.07795275        0.09604384
cg20826792        0.24502116        0.18071365        0.20342230
cg00381604        0.05101051        0.07413805        0.07333845
cg20253340        0.46065512        0.46962623        0.62014236
           9534104058_R02C02 9534104038_R03C01 9533774065_R04C01
cg13869341        0.86107006        0.84058265        0.80806094
cg14008030        0.55613585        0.53891243        0.59699817
cg12045430        0.08203290        0.08851552        0.09111199
cg20826792        0.17968490        0.17748306        0.16927486
cg00381604        0.08322231        0.05707414        0.07886554
cg20253340        0.58996465        0.57792129        0.65335340
           9534104058_R03C02 9533774065_R05C01 9534104058_R01C01
cg13869341        0.86093752        0.82242259        0.86206876
cg14008030        0.56081241        0.57220234        0.56233108
cg12045430        0.08575314        0.07899111        0.09664234
cg20826792        0.13957140        0.18415975        0.18491132
cg00381604        0.06846921        0.07766177        0.07457807
cg20253340        0.56844406        0.48680976        0.48203731
           9534104038_R06C02 9534104038_R05C01 9533774065_R06C01
cg13869341        0.86164432        0.86360658        0.82290461
cg14008030        0.59801628        0.56285177        0.58515879
cg12045430        0.08985247        0.08470324        0.08465352
cg20826792        0.21078517        0.22573173        0.16471367
cg00381604        0.07046036        0.07998926        0.06586068
cg20253340        0.59624128        0.56510261        0.55289417
           9534104058_R04C02 9534104039_R05C02 9533774065_R03C01
cg13869341        0.83590114        0.85945166        0.90223525
cg14008030        0.51981734        0.62448269        0.59435186
cg12045430        0.09139417        0.09772281        0.09799304
cg20826792        0.12013237        0.20056112        0.18498433
cg00381604        0.07885813        0.08826404        0.07284138
cg20253340        0.41330123        0.58866370        0.61763900
           9534104038_R04C02 9533774065_R02C02 9007217022_R03C01
cg13869341        0.91522612        0.85262044        0.83516273
cg14008030        0.54732664        0.61468438        0.53987335
cg12045430        0.11566650        0.08283839        0.08320427
cg20826792        0.20992654        0.22265747        0.20731920
cg00381604        0.06495457        0.07719896        0.08740817
cg20253340        0.54960030        0.69951058        0.56263386
           9534104039_R01C01 9534104058_R04C01 9534104038_R02C01
cg13869341        0.77200472        0.86184330        0.82857991
cg14008030        0.55415447        0.59210259        0.59042547
cg12045430        0.08139154        0.08421786        0.07230706
cg20826792        0.24163400        0.21352622        0.20764749
cg00381604        0.04857402        0.05845361        0.05906887
cg20253340        0.57401957        0.63182243        0.85351965
           9534104058_R01C02 9534104039_R03C01 9534104038_R02C02
cg13869341        0.86802030        0.83920086        0.83274658
cg14008030        0.59592622        0.57586239        0.57254297
cg12045430        0.10111479        0.08013021        0.08669804
cg20826792        0.15572515        0.21994989        0.20415354
cg00381604        0.06612938        0.07192841        0.04838602
cg20253340        0.54095762        0.48704765        0.46606314
           9007217042_R02C02 9534104038_R01C01 8963311139_R01C02
cg13869341        0.86259937        0.89227338        0.79182662
cg14008030        0.52648995        0.56229540        0.56446281
cg12045430        0.08531547        0.09068413        0.08603099
cg20826792        0.23538340        0.20780184        0.18590537
cg00381604        0.05740127        0.07124209        0.07003249
cg20253340        0.51802822        0.48451951        0.63232921
           9007217041_R04C02 9534104039_R03C02 9534104058_R03C01
cg13869341        0.88066825        0.85998960        0.77750564
cg14008030        0.50513457        0.53237425        0.55637742
cg12045430        0.08484585        0.08546360        0.10143490
cg20826792        0.23616291        0.21640472        0.17758911
cg00381604        0.07653332        0.06457023        0.07359673
cg20253340        0.47943462        0.52676399        0.54091290
           9533774065_R01C02 9533774027_R06C02 9533774065_R02C01
cg13869341        0.83634301        0.84846123        0.89232938
cg14008030        0.60043840        0.58626999        0.58559123
cg12045430        0.09834733        0.07383908        0.08087250
cg20826792        0.23857376        0.09650558        0.20794365
cg00381604        0.07982354        0.07193545        0.06295485
cg20253340        0.56526858        0.53285472        0.52316924
           9534104058_R02C01 9534104039_R02C02 9534104058_R05C02
cg13869341        0.85679478        0.82094380        0.82846332
cg14008030        0.62186314        0.50851245        0.63585078
cg12045430        0.08378765        0.08843617        0.08320646
cg20826792        0.14376450        0.19321547        0.14774995
cg00381604        0.05584143        0.07351861        0.06112592
cg20253340        0.52598579        0.54346179        0.59546163
           9534104039_R06C01 9534104038_R06C01 9534104058_R05C01
cg13869341        0.75703050        0.85087558        0.83833373
cg14008030        0.55022114        0.56683809        0.54956340
cg12045430        0.08135075        0.07252261        0.05634847
cg20826792        0.20162542        0.18776226        0.17161234
cg00381604        0.07388799        0.07807489        0.06196276
cg20253340        0.71274146        0.61872262        0.62434247
           9007217022_R04C01 9534104038_R03C02 9534104039_R04C02
cg13869341        0.87904996         0.8327228        0.91481419
cg14008030        0.56625746         0.5229700        0.59002412
cg12045430        0.07718803         0.0945227        0.08488664
cg20826792        0.24120706         0.2046330        0.17913955
cg00381604        0.09665817         0.0589084        0.07012532
cg20253340        0.61344225         0.6546065        0.48832239
           9007217041_R06C01 9534104039_R04C01 9533774027_R06C01
cg13869341        0.85165653        0.88104222        0.81362729
cg14008030        0.57703733        0.53830882        0.56954041
cg12045430        0.07554278        0.08456171        0.07525434
cg20826792        0.21737592        0.19380807        0.13703458
cg00381604        0.07883881        0.06344172        0.07448531
cg20253340        0.62366245        0.54946402        0.49343280
           9007217042_R01C02 9007217042_R03C02 9007217042_R06C01
cg13869341        0.87985956        0.87875919        0.90685787
cg14008030        0.48819393        0.54040781        0.62344538
cg12045430        0.09037159        0.08579569        0.06654574
cg20826792        0.20358205        0.24759441        0.21593982
cg00381604        0.07433529        0.06606623        0.07256937
cg20253340        0.55636244        0.52255555        0.61923034
           9007217042_R04C02 9533774027_R04C02 9533774027_R05C01
cg13869341        0.80795436        0.86216336        0.81436620
cg14008030        0.49916165        0.59871026        0.58315102
cg12045430        0.09205195        0.07978028        0.08106541
cg20826792        0.24206903        0.14802548        0.16497191
cg00381604        0.08283434        0.06721368        0.05061133
cg20253340        0.63383402        0.47119910        0.55032215
           9533774027_R03C02 9007217042_R05C02 9533774027_R01C02
cg13869341        0.87683848        0.88541517         0.8513269
cg14008030        0.62237072        0.55436078         0.5865025
cg12045430        0.07996507        0.07902525         0.0874151
cg20826792        0.17600138        0.22245107         0.1820754
cg00381604        0.07633876        0.07319162         0.0759170
cg20253340        0.58203280        0.53390743         0.5662150
           8963311139_R01C01 9533774027_R05C02 9007217022_R03C02
cg13869341        0.84264879        0.85644115        0.85717375
cg14008030        0.59540706        0.58002007        0.58062475
cg12045430        0.06888124        0.07490854        0.08664115
cg20826792        0.17859377        0.16431274        0.22073311
cg00381604        0.07838994        0.07905935        0.07986033
cg20253340        0.59176015        0.57293788        0.59626849
           8963311139_R03C01 9007217022_R04C02 9007217022_R05C01
cg13869341        0.85723810        0.91938268        0.86060777
cg14008030        0.60445032        0.53777274        0.49644313
cg12045430        0.08114654        0.07373737        0.07044136
cg20826792        0.15054979        0.17645729        0.19089191
cg00381604        0.07528821        0.08210664        0.06191034
cg20253340        0.50551461        0.49612600        0.48911780
           8963311139_R04C01 9007217042_R05C01 9007217041_R03C01
cg13869341        0.87950943        0.87782561        0.89200322
cg14008030        0.58271788        0.55441572        0.52028467
cg12045430        0.07355479        0.07278798        0.08495786
cg20826792        0.16882897        0.17117666        0.19113629
cg00381604        0.06630516        0.07565481        0.07531786
cg20253340        0.45775656        0.60339839        0.60411647
           9007217022_R06C02 9007217022_R02C01 9513149115_R04C01
cg13869341        0.92504375        0.88926627        0.81331675
cg14008030        0.56989351        0.56721840        0.55684068
cg12045430        0.06468690        0.08176664        0.08120209
cg20826792        0.19962536        0.22157431        0.15897987
cg00381604        0.05626886        0.06877206        0.05728555
cg20253340        0.45929202        0.79886405        0.45353151
           9533774091_R02C02 9534104055_R02C01 9533774091_R01C02
cg13869341        0.88232778        0.86882151        0.73239755
cg14008030        0.56328328        0.59836178        0.49837895
cg12045430        0.09897630        0.09968168        0.10283722
cg20826792        0.21785543        0.22711629        0.21020302
cg00381604        0.07475643        0.08471344        0.08037025
cg20253340        0.58724730        0.59701112        0.44796221
           9513149115_R04C02 9534104048_R06C01 9533774093_R05C02
cg13869341        0.83325563        0.86760878        0.90463735
cg14008030        0.55556484        0.59753598        0.59268897
cg12045430        0.09000196        0.08593493        0.08451701
cg20826792        0.14870631        0.14803823        0.26532615
cg00381604        0.05813600        0.06623572        0.07019565
cg20253340        0.55531296        0.45130147        0.61496318
           9533774091_R05C02 9533774091_R06C02 9513149115_R02C01
cg13869341        0.79429965        0.82794020        0.86909485
cg14008030        0.55696402        0.57427082        0.54446136
cg12045430        0.09093095        0.08231338        0.08321021
cg20826792        0.20932828        0.21081283        0.13256987
cg00381604        0.08845840        0.06553063        0.07960796
cg20253340        0.51782707        0.61493391        0.49270064
           9533774092_R06C01 9007217041_R05C02 9533774092_R02C01
cg13869341        0.87484027        0.82890078        0.83567823
cg14008030        0.61118882        0.58018594        0.48015147
cg12045430        0.07890593        0.05747567        0.09871668
cg20826792        0.21625825        0.20188150        0.26200465
cg00381604        0.07353075        0.07327710        0.05809837
cg20253340        0.67938616        0.64721807        0.66651090
           9533774092_R05C02 9533774092_R03C02 9533774092_R03C01
cg13869341        0.88735426        0.87146252        0.75371891
cg14008030        0.51548500        0.53147199        0.51577097
cg12045430        0.08716281        0.09415881        0.10643181
cg20826792        0.20286396        0.21542626        0.18763882
cg00381604        0.09876780        0.08394151        0.08369944
cg20253340        0.54133375        0.56087669        0.64069573
           9534104055_R02C02 9533774091_R04C02 9533774092_R04C01
cg13869341        0.78250662        0.91270158        0.81511895
cg14008030        0.53977751        0.57421054        0.62437570
cg12045430        0.09284608        0.09264045        0.09014655
cg20826792        0.19809360        0.19830055        0.20063797
cg00381604        0.08029651        0.07338894        0.08598048
cg20253340        0.47867011        0.49736844        0.56207282
           9533774092_R05C01 9534104048_R03C02 9007217042_R02C01
cg13869341        0.87640254        0.90712055        0.92292701
cg14008030        0.60353239        0.50997601        0.52642542
cg12045430        0.08611955        0.10478211        0.07774163
cg20826792        0.18755079        0.20543626        0.22436135
cg00381604        0.07224871        0.08941994        0.07195025
cg20253340        0.57626590        0.62617933        0.48356192
           9533774092_R06C02 9533774091_R03C02 9533774092_R01C01
cg13869341        0.80388119         0.8734564        0.87043063
cg14008030        0.60544808         0.5150326        0.60084095
cg12045430        0.07690310         0.1007894        0.09699012
cg20826792        0.21569962         0.1846180        0.19871000
cg00381604        0.07743141         0.0745788        0.07855775
cg20253340        0.62556437         0.4652635        0.56445384
           9533774092_R01C02 9007217042_R01C01 9533774092_R02C02
cg13869341        0.92307070        0.84232852        0.82855262
cg14008030        0.52202298        0.56250099        0.52243107
cg12045430        0.09655908        0.11321813        0.08781459
cg20826792        0.22164149        0.21235156        0.18134397
cg00381604        0.07558705        0.07518032        0.06675855
cg20253340        0.54837952        0.57152050        0.49098536
           9534104048_R06C02 9534104048_R05C02 9513149152_R03C02
cg13869341        0.88550524        0.81846501        0.85663464
cg14008030        0.58953654        0.55229803        0.62616680
cg12045430        0.06842261        0.10119653        0.09804257
cg20826792        0.21761594        0.19329453        0.14528883
cg00381604        0.06094133        0.09113176        0.10663236
cg20253340        0.50728456        0.65865297        0.80489790
           9534104055_R01C01 9534104056_R06C02 9534104055_R05C02
cg13869341        0.91044769        0.84707316        0.90797270
cg14008030        0.57992999        0.60951207        0.60026883
cg12045430        0.08866551        0.07710551        0.09224398
cg20826792        0.17270849        0.16147185        0.17427425
cg00381604        0.07222921        0.08396473        0.07551989
cg20253340        0.51942648        0.46866662        0.60112685
           9534104056_R01C01 9534104056_R03C01 9513149084_R04C02
cg13869341        0.85610240        0.85694292        0.83565000
cg14008030        0.63841096        0.57458241        0.57252915
cg12045430        0.10408425        0.07896222        0.08578132
cg20826792        0.16465657        0.15376429        0.20030422
cg00381604        0.09600953        0.08020472        0.09580460
cg20253340        0.47297189        0.55474959        0.58676249
           9513149151_R01C01 9534104055_R04C02 9534104055_R06C01
cg13869341        0.89733721        0.84755318        0.90593908
cg14008030        0.59714893        0.62043975        0.56687991
cg12045430        0.10745701        0.09821191        0.09377094
cg20826792        0.14441930        0.19818847        0.20630005
cg00381604        0.07358431        0.07654827        0.06975575
cg20253340        0.58976285        0.68779055        0.40299486
           9534104055_R03C01 9007217041_R02C01 9534104055_R04C01
cg13869341        0.91844343        0.88760455        0.83516517
cg14008030        0.59715263        0.54498131        0.56082233
cg12045430        0.08891060        0.07071403        0.10492511
cg20826792        0.22399214        0.26505441        0.20649375
cg00381604        0.07851618        0.06529378        0.07209168
cg20253340        0.52629414        0.51276708        0.45503959
           9513149115_R05C01 9534104055_R03C02 9534104055_R01C02
cg13869341        0.85982504        0.79646497        0.87661608
cg14008030        0.60418914        0.56500851        0.55688732
cg12045430        0.08054883        0.10613717        0.09763604
cg20826792        0.14562118        0.18755502        0.18531962
cg00381604        0.07045362        0.07151135        0.08611746
cg20253340        0.46318310        0.51869317        0.54052025
           9533774080_R04C02 9534104056_R05C01 9534104055_R05C01
cg13869341        0.77191681        0.82301053        0.86473862
cg14008030        0.57957792        0.60368357        0.59580763
cg12045430        0.11233291        0.09406237        0.09278711
cg20826792        0.15430253        0.18257717        0.15791609
cg00381604        0.07105018        0.08728300        0.08369547
cg20253340        0.58233443        0.53544468        0.57427216
           9513149115_R01C02 9534104056_R06C01 9513149084_R05C01
cg13869341        0.79426551        0.85374206        0.85988976
cg14008030        0.57886161        0.62983674        0.57214886
cg12045430        0.08617048        0.08524414        0.10334645
cg20826792        0.14743972        0.16681679        0.15448482
cg00381604        0.08844194        0.07941045        0.07626038
cg20253340        0.49841066        0.50528965        0.61409282
           9513149115_R01C01 9533774080_R04C01 9534104055_R06C02
cg13869341        0.90937288        0.86730161        0.88209182
cg14008030        0.57201333        0.59422435        0.56495211
cg12045430        0.11306953        0.09515829        0.08052951
cg20826792        0.18435816        0.15483708        0.22046668
cg00381604        0.06853496        0.07515501        0.07103549
cg20253340        0.68725477        0.75646403        0.41453592
           9534104048_R04C02 9513149084_R05C02 9513149115_R02C02
cg13869341        0.89713995        0.86634878        0.83562280
cg14008030        0.61009022        0.56386948        0.55571652
cg12045430        0.08830594        0.07377797        0.09757668
cg20826792        0.20018348        0.18454460        0.15298643
cg00381604        0.06353835        0.08053323        0.07684177
cg20253340        0.55152882        0.55236988        0.41897087
           9533774080_R05C02 9513149115_R06C01 9533774080_R01C02
cg13869341        0.87339500        0.87105584        0.77866744
cg14008030        0.56609919        0.56261277        0.54527689
cg12045430        0.09008651        0.09063297        0.09101787
cg20826792        0.17505213        0.15478308        0.15368041
cg00381604        0.07419726        0.07029375        0.06327876
cg20253340        0.49505598        0.57228906        0.51021867
           9513149115_R06C02 9513149084_R06C01 9513149153_R05C02
cg13869341        0.86051319        0.90545736        0.87311762
cg14008030        0.52672916        0.60714670        0.59827008
cg12045430        0.11232543        0.07628090        0.07102138
cg20826792        0.17497169        0.17299353        0.14055705
cg00381604        0.07672815        0.08922387        0.10374630
cg20253340        0.48111542        0.50626963        0.57424460
           9534104056_R01C02 9513149084_R06C02 9533774080_R05C01
cg13869341        0.83841352        0.85502837        0.87820869
cg14008030        0.58447244        0.58722448        0.55821469
cg12045430        0.08668855        0.07705824        0.08919663
cg20826792        0.15115274        0.22725277        0.15510088
cg00381604        0.07508861        0.06127755        0.06686360
cg20253340        0.57620651        0.58369384        0.57347245
           9533774080_R03C01 8963311139_R05C02 9534104056_R03C02
cg13869341        0.76089914        0.84884944        0.89053227
cg14008030        0.60609869        0.55817462        0.53559327
cg12045430        0.08567950        0.07451805        0.09838776
cg20826792        0.19785084        0.18966425        0.15084281
cg00381604        0.08833463        0.09141823        0.08812417
cg20253340        0.50806072        0.47384234        0.44156802
           9513149151_R02C01 9533774080_R06C01 9513149151_R03C01
cg13869341        0.91185663        0.86285534        0.82407472
cg14008030        0.59443891        0.57878164        0.54362277
cg12045430        0.08347738        0.08802918        0.09363248
cg20826792        0.16630009        0.11292775        0.14175725
cg00381604        0.07588613        0.05773789        0.08370288
cg20253340        0.66747791        0.55018504        0.52654924
           9513149151_R05C01 9513149115_R03C02 9513149151_R04C01
cg13869341        0.83255462        0.80418240        0.82699870
cg14008030        0.53713054        0.62975146        0.51972994
cg12045430        0.09715162        0.08310587        0.09012675
cg20826792        0.17494808        0.13462612        0.18859317
cg00381604        0.06660797        0.05478924        0.07559661
cg20253340        0.51163666        0.49515783        0.67300252
           9533774080_R02C02 9513149084_R01C02 9534104056_R02C02
cg13869341        0.91344708        0.89745646        0.79272958
cg14008030        0.57606113        0.59393735        0.54609093
cg12045430        0.07462217        0.07560176        0.10039049
cg20826792        0.12943721        0.16314632        0.19911118
cg00381604        0.05907293        0.07363675        0.07437481
cg20253340        0.55916326        0.52605613        0.59900201
           9534104056_R02C01 9513149152_R05C02 9513149153_R06C02
cg13869341        0.88146646        0.88691256        0.84496722
cg14008030        0.59213363        0.61324778        0.56004570
cg12045430        0.08396503        0.07881382        0.09462672
cg20826792        0.14083059        0.15484259        0.14926859
cg00381604        0.06527622        0.07509672        0.10869973
cg20253340        0.58939766        0.58126428        0.48363449
           9513149154_R03C01 9513149154_R01C01 9513149153_R01C02
cg13869341        0.82913990         0.8268856        0.86520266
cg14008030        0.57669805         0.5412804        0.58941918
cg12045430        0.08759385         0.1031307        0.09716446
cg20826792        0.17682599         0.1709504        0.15560502
cg00381604        0.10725648         0.1178285        0.08559180
cg20253340        0.51157345         0.5399090        0.58502962
           9533774079_R01C01 9533774093_R01C02 8963311139_R02C02
cg13869341        0.80298440        0.90863414        0.86435378
cg14008030        0.58557413        0.56153557        0.52348569
cg12045430        0.10290284        0.08893599        0.09058950
cg20826792        0.16851474        0.22714045        0.21286331
cg00381604        0.08830775        0.06106507        0.07026382
cg20253340        0.51699266        0.46994835        0.55357303
           9513149152_R06C01 9533774093_R02C02 9513149152_R06C02
cg13869341        0.87809956        0.84442221        0.86073086
cg14008030        0.53693750        0.56866092        0.59093622
cg12045430        0.09550451        0.08711448        0.09306880
cg20826792        0.15037042        0.22406168        0.15566291
cg00381604        0.08698668        0.06781799        0.08895383
cg20253340        0.60236840        0.59159249        0.50178919
           9533774093_R01C01 9513149152_R02C02 9533774093_R05C01
cg13869341        0.85318548        0.87645789        0.88101284
cg14008030        0.57925983        0.63210817        0.54444452
cg12045430        0.09959588        0.09053921        0.11055598
cg20826792        0.18389163        0.13111670        0.22955399
cg00381604        0.08221447        0.09965537        0.07517655
cg20253340        0.58335291        0.52388255        0.45281901
           9513149153_R03C02 9533774079_R03C02 9513149156_R01C02
cg13869341        0.81780033        0.84714783         0.8871487
cg14008030        0.60233010        0.60478400         0.6166213
cg12045430        0.11397330        0.08890748         0.1047426
cg20826792        0.13380985        0.16400651         0.1461814
cg00381604        0.06605535        0.06963618         0.1048332
cg20253340        0.63410511        0.61349171         0.5351102
           9533774009_R04C02 9533774079_R04C01 9533774009_R05C01
cg13869341        0.79962831        0.87835541        0.86522888
cg14008030        0.58950756        0.62121700        0.63232451
cg12045430        0.07626430        0.08566906        0.08467429
cg20826792        0.12958751        0.15665756        0.12972047
cg00381604        0.06871339        0.07643505        0.07369346
cg20253340        0.53398685        0.48304766        0.50852740
           9513149153_R03C01 9533774093_R02C01 9513149153_R04C02
cg13869341        0.86975339        0.80936530        0.82689333
cg14008030        0.58148744        0.55271103        0.52231764
cg12045430        0.08835363        0.09332650        0.08277966
cg20826792        0.15487264        0.20797133        0.18177894
cg00381604        0.06957149        0.07175793        0.08216422
cg20253340        0.48235899        0.69046542        0.52346903
           9513149154_R04C02 9513149156_R06C01 9513149154_R03C02
cg13869341        0.90669574        0.82650448        0.80738333
cg14008030        0.53994881        0.58977213        0.55736503
cg12045430        0.10651141        0.09922129        0.11666566
cg20826792        0.17437840        0.16268496        0.18420516
cg00381604        0.09219798        0.09899675        0.07034477
cg20253340        0.68015874        0.65389632        0.50045699
           9513149154_R04C01 9533774080_R01C01 9513149152_R01C02
cg13869341        0.81598880        0.87459798        0.87019524
cg14008030        0.55267893        0.56516877        0.55106927
cg12045430        0.09682375        0.08683281        0.09752149
cg20826792        0.15076562        0.15318114        0.12618762
cg00381604        0.07588598        0.06658101        0.08137755
cg20253340        0.60085107        0.44870448        0.50106543
           9534104056_R04C02 9513149156_R01C01 9533774080_R02C01
cg13869341         0.8354979        0.87035840        0.85194744
cg14008030         0.5679346        0.55578241        0.52086785
cg12045430         0.1078558        0.12214916        0.08279274
cg20826792         0.1771797        0.14415499        0.17602124
cg00381604         0.0584502        0.07851293        0.06085270
cg20253340         0.5374570        0.43749257        0.64919945
           9513149156_R03C02 9513149153_R02C02 9533774079_R04C02
cg13869341        0.87372256        0.87924215        0.87511466
cg14008030        0.61517590        0.60940849        0.55643861
cg12045430        0.08176869        0.09244893        0.07901370
cg20826792        0.14560688        0.14669809        0.12749166
cg00381604        0.09105505        0.06551040        0.07297978
cg20253340        0.53472705        0.69122895        0.54060740
           9513149153_R02C01 9513149154_R06C01 9533774079_R03C01
cg13869341        0.83931249        0.87532926        0.79148402
cg14008030        0.57114242        0.62072634        0.60350054
cg12045430        0.12129943        0.09016588        0.08430059
cg20826792        0.17509061        0.13471998        0.11796839
cg00381604        0.08046627        0.06019286        0.06481073
cg20253340        0.54834506        0.48599989        0.48350152
           9513149152_R05C01 9533774079_R05C02 9533774009_R04C01
cg13869341        0.84907548        0.87582722        0.85195914
cg14008030        0.56578448        0.60376604        0.57353649
cg12045430        0.11664391        0.09148448        0.07199725
cg20826792        0.14619717        0.17286473        0.15825716
cg00381604        0.07948154        0.07658868        0.07311387
cg20253340        0.58627261        0.60666653        0.60090337
           9513149154_R05C02 9534104047_R04C01 9533774009_R01C02
cg13869341        0.89086395        0.82453147        0.90775081
cg14008030        0.57327124        0.60007124        0.61126076
cg12045430        0.10313443        0.09948047        0.10001034
cg20826792        0.18368209        0.19140579        0.13678418
cg00381604        0.07919261        0.05933068        0.06637228
cg20253340        0.62529668        0.53662122        0.45100389
           9533774009_R03C01 9534104048_R02C01 9513149154_R05C01
cg13869341        0.91172753        0.86403824        0.86175697
cg14008030        0.58112465        0.56019301        0.54333013
cg12045430        0.08437707        0.11494532        0.08908875
cg20826792        0.13908622        0.27863923        0.14224900
cg00381604        0.07142078        0.06714686        0.07402357
cg20253340        0.54623356        0.61498981        0.51409686
           9533774009_R02C01 9533774079_R05C01 9533774009_R06C01
cg13869341        0.91185710        0.81987245        0.86174298
cg14008030        0.58229737        0.57504835        0.59221619
cg12045430        0.10854170        0.07767619        0.07292414
cg20826792        0.17470950        0.14643103        0.10445771
cg00381604        0.08006911        0.08688358        0.07138661
cg20253340        0.57121732        0.62005702        0.61186025
           9533774079_R06C02 9513149156_R05C01 9533774009_R01C01
cg13869341        0.82545238        0.82400441        0.83131924
cg14008030        0.59075564        0.60592837        0.55379197
cg12045430        0.08167509        0.09835582        0.08958316
cg20826792        0.16207983        0.19185942        0.14947271
cg00381604        0.05302315        0.08618639        0.05408695
cg20253340        0.59770837        0.64091413        0.55407469
           9533774009_R03C02 9513149154_R06C02 9513149156_R05C02
cg13869341        0.86073398        0.84153446        0.91842937
cg14008030        0.55670355        0.56316599        0.54836579
cg12045430        0.08311016        0.08877571        0.11300418
cg20826792        0.14732264        0.23612573        0.14933336
cg00381604        0.06507369        0.08020171        0.07529165
cg20253340        0.60960258        0.61780986        0.42080613
           9513149156_R02C02 9533774009_R05C02 9513149156_R03C01
cg13869341        0.81662632        0.76212848        0.88163266
cg14008030        0.55386193        0.57813482        0.57335399
cg12045430        0.10923044        0.07334057        0.09720539
cg20826792        0.15990458        0.12795240        0.17463538
cg00381604        0.08904154        0.07831016        0.10252231
cg20253340        0.49403109        0.53845813        0.45858982
           9533774009_R02C02 9533774079_R02C01 9533774079_R06C01
cg13869341        0.87495047        0.83922649        0.85102085
cg14008030        0.62307647        0.53724802        0.55703457
cg12045430        0.08684255        0.10321217        0.07808368
cg20826792        0.12101446        0.16758858        0.12162474
cg00381604        0.08087937        0.08071332        0.08268687
cg20253340        0.57354737        0.61719074        0.61308175
           9534104047_R03C02 9513149156_R02C01 9534104047_R02C01
cg13869341        0.88651231        0.91403912        0.88260501
cg14008030        0.56693943        0.62242944        0.63439597
cg12045430        0.08860810        0.12616993        0.08951528
cg20826792        0.20311886        0.15125607        0.18163981
cg00381604        0.07420892        0.08102449        0.05510658
cg20253340        0.58266616        0.67623683        0.51605800
           9533774079_R01C02 9534104017_R03C01 9534104017_R06C01
cg13869341        0.84869961        0.85152885        0.86101253
cg14008030        0.57564996        0.57025155        0.61425573
cg12045430        0.10617306        0.09899202        0.08448143
cg20826792        0.16268031        0.16528703        0.17544751
cg00381604        0.07243871        0.07113236        0.07065186
cg20253340        0.48490587        0.52354113        0.41743352
           9513149154_R02C02 9534104048_R04C01 9534104009_R03C01
cg13869341        0.84734826        0.85280214        0.75901282
cg14008030        0.56038356        0.56807839        0.58311880
cg12045430        0.09726055        0.08164962        0.09898960
cg20826792        0.15067126        0.17868299        0.20142432
cg00381604        0.08450558        0.07423480        0.08192494
cg20253340        0.46337280        0.53602300        0.40036048
           9513149154_R01C02 9534104048_R03C01 9534104047_R05C02
cg13869341        0.83409239        0.90408714        0.87183695
cg14008030        0.63390815        0.57123476        0.59423712
cg12045430        0.09990821        0.11150783        0.08717822
cg20826792        0.16452354        0.22030954        0.18783394
cg00381604        0.09758956        0.06355962        0.07256814
cg20253340        0.73616207        0.54664330        0.49148935
           9534104047_R02C02 9513149151_R04C02 9534104047_R01C01
cg13869341        0.81698138        0.91740667         0.8092566
cg14008030        0.52879334        0.58251795         0.5682890
cg12045430        0.09991976        0.10389820         0.1212179
cg20826792        0.20877700        0.20742450         0.1988766
cg00381604        0.06440335        0.08072348         0.0665026
cg20253340        0.53196085        0.56744505         0.6608348
           9513149151_R06C02 9513149156_R04C01 9533774093_R04C02
cg13869341        0.87885551        0.86802777        0.86357713
cg14008030        0.56199413        0.62385922        0.55195930
cg12045430        0.11145527        0.09659459        0.10494689
cg20826792        0.17120339        0.15461357        0.24438191
cg00381604        0.09358702        0.09317115        0.07531825
cg20253340        0.65559904        0.32256598        0.49655273
           9534104017_R06C02 9534104009_R05C02 9534104009_R04C02
cg13869341        0.78302034        0.87422871        0.86563820
cg14008030        0.56859100        0.54706974        0.56526478
cg12045430        0.07588555        0.09140476        0.10369549
cg20826792        0.14262850        0.22040193        0.20609767
cg00381604        0.06713886        0.07294171        0.07501065
cg20253340        0.56874238        0.63571447        0.39892848
           9534104009_R02C02 9534104009_R05C01 9534104047_R06C01
cg13869341        0.84396330        0.89909826        0.83671830
cg14008030        0.58795633        0.55784851        0.56426087
cg12045430        0.12331061        0.10330682        0.09093126
cg20826792        0.19055704        0.21816820        0.17635623
cg00381604        0.08098419        0.06838164        0.06744645
cg20253340        0.59792104        0.43324271        0.54548383
           9534104009_R06C01 9534104017_R05C02 9534104009_R03C02
cg13869341        0.85242274        0.85833739        0.85256129
cg14008030        0.55953752        0.57973930        0.59538647
cg12045430        0.07588801        0.08868819        0.10824189
cg20826792        0.19781545        0.17953682        0.15456857
cg00381604        0.05098731        0.06666773        0.06467193
cg20253340        0.59125618        0.54118386        0.67470860
           9534104047_R06C02 9513149156_R04C02 8963311139_R06C02
cg13869341        0.87212445        0.85649062        0.85983130
cg14008030        0.59972601        0.54991398        0.60619053
cg12045430        0.09211341        0.10425753        0.07661884
cg20826792        0.21502391        0.10615402        0.19212230
cg00381604        0.08037192        0.09439783        0.07373095
cg20253340        0.60504708        0.45819799        0.50751880
           9534104047_R05C01 9533774009_R06C02 9513149084_R02C02
cg13869341        0.81444581        0.80094816        0.88171214
cg14008030        0.56002895        0.61022394        0.56680940
cg12045430        0.07999315        0.07086797        0.08946134
cg20826792        0.18876657        0.14761662        0.23449175
cg00381604        0.07141399        0.07324782        0.06419343
cg20253340        0.49194664        0.57473797        0.46842889
           9534104017_R04C02 9007217041_R01C01 9534104048_R01C01
cg13869341        0.88695889        0.90243186        0.82340354
cg14008030        0.61791837        0.58863925        0.55230960
cg12045430        0.08615501        0.09762785        0.12302190
cg20826792        0.20850582        0.22016597        0.24857350
cg00381604        0.04491842        0.05494435        0.05338552
cg20253340        0.54655436        0.51410022        0.54831764
           9513149151_R02C02 9534104009_R04C01 9534104017_R03C02
cg13869341        0.88689165        0.82678451        0.83498372
cg14008030        0.56087797        0.64620485        0.57730066
cg12045430        0.09570864        0.09666004        0.10710106
cg20826792        0.19253069        0.19368510        0.23763088
cg00381604        0.06045677        0.07530918        0.06972202
cg20253340        0.50443901        0.49372145        0.51524078
           9534104047_R01C02 9534104047_R04C02 9534104009_R01C02
cg13869341         0.8503985        0.81163349        0.88446327
cg14008030         0.5525745        0.53473313        0.55126039
cg12045430         0.1155968        0.09381713        0.10594666
cg20826792         0.2102577        0.18024169        0.21901199
cg00381604         0.0846998        0.07017797        0.08797717
cg20253340         0.5527451        0.61812222        0.69526506
           9534104047_R03C01 9513149151_R05C02 9513149151_R01C02
cg13869341        0.86686652        0.88623074        0.87720074
cg14008030        0.58679976        0.57741982        0.61643276
cg12045430        0.10939109        0.10009728        0.09840982
cg20826792        0.21543627        0.19911704        0.18281041
cg00381604        0.06912453        0.06962183        0.06956767
cg20253340        0.60087508        0.60249159        0.58489039
           9533774093_R06C02 9534104017_R02C01 9534104009_R01C01
cg13869341        0.82523859        0.86085121        0.90392874
cg14008030        0.57881714        0.58254638        0.60441373
cg12045430        0.08053957        0.10324595        0.11079358
cg20826792        0.20444691        0.16589744        0.18999688
cg00381604        0.06172968        0.06297333        0.06272617
cg20253340        0.60116045        0.56221457        0.48485961
           9534104009_R02C01 9534104017_R02C02 9534104017_R01C01
cg13869341         0.9100154        0.86306475        0.83464540
cg14008030         0.5637425        0.56944118        0.58625622
cg12045430         0.1046021        0.09638071        0.10523224
cg20826792         0.1889754        0.14576618        0.16535266
cg00381604         0.0739457        0.06698380        0.06433724
cg20253340         0.6845171        0.53599922        0.58465514
           9534104048_R02C02 9534104048_R05C01 9513149115_R03C01
cg13869341        0.89608245        0.85932833        0.79714445
cg14008030        0.56686784        0.59944528        0.55731437
cg12045430        0.09161758        0.07448145        0.08849892
cg20826792        0.20452087        0.16256422        0.17157602
cg00381604        0.07334919        0.06321001        0.05170364
cg20253340        0.77915346        0.41664272        0.66065752
           9513149115_R05C02 9513149151_R06C01 9533774080_R03C02
cg13869341        0.82836603        0.82722579        0.90747682
cg14008030        0.62960196        0.57618779        0.60446684
cg12045430        0.08877412        0.08625599        0.08448693
cg20826792        0.16609766        0.14163528        0.17743070
cg00381604        0.07830759        0.08747824        0.07464502
cg20253340        0.62855924        0.60494292        0.46743991
           9007217041_R04C01 9534104048_R01C02 9534104056_R05C02
cg13869341        0.88204977        0.81895639        0.83733301
cg14008030        0.57006841        0.50313814        0.59638383
cg12045430        0.07902866        0.09814012        0.07930968
cg20826792        0.19431550        0.23893054        0.20187236
cg00381604        0.07597641        0.07192442        0.08224786
cg20253340        0.54639013        0.46526040        0.46993204
           9533774093_R04C01 9513149153_R04C01 9533774093_R06C01
cg13869341        0.80502713        0.77044294        0.82363772
cg14008030        0.53293236        0.57813953        0.60554370
cg12045430        0.09244159        0.08104455        0.07310613
cg20826792        0.24448814        0.18285987        0.21572971
cg00381604        0.07458305        0.08422226        0.08865206
cg20253340        0.44715786        0.49507853        0.65695401
           9534104056_R04C01 9513149152_R04C02 9513149084_R03C02
cg13869341        0.71254127         0.8482864        0.87169558
cg14008030        0.54816543         0.5972904        0.57352223
cg12045430        0.08100168         0.1166582        0.09418574
cg20826792        0.17898372         0.1732929        0.18556353
cg00381604        0.08178508         0.0976578        0.07450212
cg20253340        0.58277424         0.5942840        0.61402040
           6164655071_R01C01 6164655071_R03C02 6164655104_R05C01
cg13869341        0.90685874         0.8923193         0.7800195
cg14008030        0.53789050         0.5324428         0.5217239
cg12045430        0.11820846         0.1198654         0.1319128
cg20826792        0.21475573         0.1978506         0.1924203
cg00381604        0.06560794         0.0596430         0.0600436
cg20253340        0.48982633         0.5366123         0.5264277
           6164655109_R01C01 6164655119_R05C01 6164655128_R01C01
cg13869341        0.85972554        0.91420217        0.86135876
cg14008030        0.50539599        0.56912457        0.56454220
cg12045430        0.10684580        0.10692459        0.12490520
cg20826792        0.20262353        0.21037002        0.18124382
cg00381604        0.06481675        0.07985471        0.06596304
cg20253340        0.48199203        0.57671722        0.54870870
           6164655138_R05C01 6164655062_R02C01 6164655062_R04C02
cg13869341        0.82987283        0.84760073         0.8052037
cg14008030        0.52284622        0.54878878         0.5197206
cg12045430        0.09298597        0.13518737         0.1154222
cg20826792        0.19387438        0.21580706         0.2150109
cg00381604        0.06794584        0.07427031         0.0663851
cg20253340        0.54979607        0.61321643         0.4669548
           6164655070_R06C01 6164655071_R02C01 6164655071_R04C02
cg13869341         0.8517008        0.83292606        0.88049036
cg14008030         0.5487455        0.54643398        0.54152078
cg12045430         0.1226821        0.10567907        0.12224135
cg20826792         0.2028388        0.21006248        0.19703644
cg00381604         0.1085900        0.07947016        0.07650713
cg20253340         0.5452200        0.50737441        0.50407531
           6164655104_R06C01 6164655109_R04C02 6164655119_R06C01
cg13869341        0.83151458        0.87250373        0.75075876
cg14008030        0.54646023        0.52801936        0.53219053
cg12045430        0.11597047        0.11184649        0.11117479
cg20826792        0.17170477        0.19048112        0.21359219
cg00381604        0.07594672        0.07308275        0.07022662
cg20253340        0.62824166        0.56578361        0.58751814
           6164655128_R02C01 6164655128_R04C02 6164655138_R06C01
cg13869341        0.80532125        0.85453215        0.90570378
cg14008030        0.52916311        0.55372826        0.55658425
cg12045430        0.12035494        0.11268563        0.10556564
cg20826792        0.21916155        0.23599541        0.18285991
cg00381604        0.08550496        0.06855479        0.04374056
cg20253340        0.52933763        0.44912325        0.53934277
           6164655071_R03C01 6164655071_R05C02 6164655104_R01C02
cg13869341        0.81613599        0.80830540        0.86881296
cg14008030        0.55492148        0.52698688        0.53820595
cg12045430        0.13148083        0.15370296        0.15265207
cg20826792        0.21351831        0.22873159        0.20793104
cg00381604        0.08107305        0.09264176        0.08551372
cg20253340        0.57544469        0.49478284        0.60531905
           6164655109_R03C01 6164655109_R05C02 6164655119_R01C02
cg13869341        0.86637338        0.91289843        0.78918008
cg14008030        0.54766432        0.53830340        0.53799680
cg12045430        0.13399430        0.10013028        0.15812225
cg20826792        0.22212812        0.18918192        0.22071867
cg00381604        0.08337529        0.07620829        0.09410342
cg20253340        0.62861416        0.55536261        0.49376482
           6164655128_R03C01 6164655128_R05C02 6164655062_R04C01
cg13869341        0.90477524        0.83625997        0.79067835
cg14008030        0.58129246        0.55053492        0.58952173
cg12045430        0.12383678        0.10204619        0.10254484
cg20826792        0.19548745        0.26461304        0.19413708
cg00381604        0.06928789        0.07014365        0.09935048
cg20253340        0.49493755        0.56289670        0.52638985
           6164655062_R06C02 6164655070_R02C02 6164655138_R01C02
cg13869341        0.88436728        0.91566947        0.75367420
cg14008030        0.55110252        0.58663430        0.55903431
cg12045430        0.10359856        0.12551245        0.13627824
cg20826792        0.18503567        0.20823822        0.24318200
cg00381604        0.06346814        0.07685255        0.09339769
cg20253340        0.58205462        0.57920102        0.53490188
           6164655071_R06C02 6164655104_R02C02 6164655109_R04C01
cg13869341        0.86992892        0.85155801        0.86989889
cg14008030        0.53121000        0.53794193        0.50257034
cg12045430        0.09248722        0.10584541        0.12388189
cg20826792        0.15997194        0.18890651        0.20607257
cg00381604        0.11207298        0.06066188        0.06520632
cg20253340        0.55455011        0.58646754        0.56347798
           6164655109_R06C02 6164655119_R02C02 6164655128_R04C01
cg13869341        0.78764744        0.89595759        0.82262916
cg14008030        0.55746030        0.53062334        0.50561711
cg12045430        0.11133568        0.13680194        0.12816875
cg20826792        0.17825854        0.24001661        0.18273093
cg00381604        0.08264998        0.07114924        0.08416807
cg20253340        0.59023528        0.50634254        0.55960996
           6164655128_R06C02 6164655071_R05C01 6164655104_R01C01
cg13869341        0.88410303        0.79245829        0.81813528
cg14008030        0.56044888        0.53901811        0.51961761
cg12045430        0.11242915        0.11467855        0.14797687
cg20826792        0.17070958        0.17523861        0.21970116
cg00381604        0.06283577        0.06928926        0.07096376
cg20253340        0.52140106        0.51765497        0.46459933
           6164655104_R03C02 6164655109_R05C01 6164655119_R01C01
cg13869341        0.84135665        0.85112415        0.90975324
cg14008030        0.52858914        0.51338407        0.54313644
cg12045430        0.12470774        0.10755839        0.13796527
cg20826792        0.17603353        0.22437753        0.21192963
cg00381604        0.07594685        0.07306587        0.05885065
cg20253340        0.55607329        0.50876481        0.50136578
           6164655119_R03C02 6164655128_R05C01 6164655062_R06C01
cg13869341        0.84564656        0.80897043        0.84790966
cg14008030        0.50253462        0.50685317        0.53862523
cg12045430        0.11798363        0.10977848        0.11071834
cg20826792        0.19601867        0.18119039        0.22852482
cg00381604        0.05468531        0.05819329        0.06524551
cg20253340        0.49383718        0.52535685        0.55445430
           6164655070_R04C02 6164655071_R06C01 6164655104_R02C01
cg13869341         0.9076948        0.83290876         0.8623408
cg14008030         0.5859190        0.53699988         0.5741787
cg12045430         0.1222836        0.11230104         0.1237344
cg20826792         0.1790013        0.20850652         0.1743446
cg00381604         0.0631824        0.06238141         0.0556909
cg20253340         0.6379250        0.52462379         0.4720814
           6164655104_R04C02 6164655109_R06C01 6164655119_R02C01
cg13869341        0.82436756        0.92077061        0.85951187
cg14008030        0.49396484        0.60931384        0.53035300
cg12045430        0.11236888        0.10081479        0.11688157
cg20826792        0.21398694        0.14740198        0.20651620
cg00381604        0.07196895        0.06748036        0.07993228
cg20253340        0.53639610        0.55351834        0.53172892
           6164655119_R04C02 6164655128_R06C01 6164655138_R02C01
cg13869341        0.80058315        0.80627508        0.91796524
cg14008030        0.53565042        0.55920340        0.51941939
cg12045430        0.10413231        0.10135786        0.12556368
cg20826792        0.21276057        0.20051937        0.29059551
cg00381604        0.07731178        0.07375233        0.07410712
cg20253340        0.62225071        0.49265067        0.60941444
           6164655070_R05C02 6164655071_R01C02 6164655104_R03C01
cg13869341        0.80268953        0.86220653        0.91049160
cg14008030        0.52592558        0.55817523        0.55000501
cg12045430        0.13628458        0.12000938        0.14338153
cg20826792        0.22378897        0.17054276        0.22030360
cg00381604        0.08081459        0.07959727        0.06825247
cg20253340        0.54620953        0.56011756        0.54941085
           6164655104_R05C02 6164655109_R01C02 6164655119_R05C02
cg13869341        0.80161683        0.84576134        0.86551741
cg14008030        0.53834780        0.55641106        0.51808795
cg12045430        0.12760645        0.11333527        0.12448403
cg20826792        0.21160527        0.18215186        0.26303942
cg00381604        0.06666507        0.07158677        0.09501073
cg20253340        0.59394035        0.55099060        0.56103068
           6164655128_R01C02 6164655138_R02C02 6164655062_R02C02
cg13869341        0.75775710        0.83004356         0.8185645
cg14008030        0.52654417        0.57276133         0.5432110
cg12045430        0.13101785        0.12010721         0.1155212
cg20826792        0.25160629        0.23507996         0.1778847
cg00381604        0.06211794        0.08117047         0.0756972
cg20253340        0.53098201        0.62064789         0.5621659
           6164655070_R04C01 6164655070_R06C02 6164655071_R02C02
cg13869341        0.83066268        0.85541576        0.81272918
cg14008030        0.55151163        0.58940662        0.54472195
cg12045430        0.13456503        0.09810796        0.12068832
cg20826792        0.20916580        0.20075044        0.18105947
cg00381604        0.07815035        0.06405110        0.08512446
cg20253340        0.57051097        0.53564636        0.61885989
           6164655104_R04C01 6164655104_R06C02 6164655109_R02C02
cg13869341        0.85966694        0.85107365        0.77080519
cg14008030        0.53640064        0.55274111        0.56841856
cg12045430        0.11364157        0.15510364        0.11369885
cg20826792        0.22601901        0.21590933        0.22051798
cg00381604        0.06699715        0.09081809        0.07058682
cg20253340        0.53349455        0.64119526        0.54753130
           6164655119_R04C01 6164655119_R06C02 6164655128_R02C02
cg13869341        0.84835740        0.83131425        0.77990886
cg14008030        0.50927546        0.49455919        0.53721531
cg12045430        0.11102522        0.10566250        0.11542349
cg20826792        0.19739343        0.23307398        0.19204298
cg00381604        0.09366484        0.08456536        0.07539103
cg20253340        0.56029240        0.52215470        0.55444149
           6164655138_R04C01 6164655138_R04C02 6164655138_R05C02
cg13869341        0.90146939         0.8580794        0.78650150
cg14008030        0.47447307         0.5663755        0.54170431
cg12045430        0.09103976         0.1225615        0.09074162
cg20826792        0.20047212         0.2662298        0.21017317
cg00381604        0.05940790         0.0785249        0.06614437
cg20253340        0.51744654         0.6936511        0.50271837
           6164655138_R06C02 6229050102_R03C02 6229050102_R04C02
cg13869341        0.84816073        0.76279569        0.92337093
cg14008030        0.50840549        0.50231509        0.56445074
cg12045430        0.11959712        0.12889733        0.13393144
cg20826792        0.28842839        0.26576886        0.25943397
cg00381604        0.08151364        0.06843936        0.07587975
cg20253340        0.46218918        0.53703582        0.55692736
           6229050102_R05C02 6229050102_R06C02 6164655142_R01C01
cg13869341        0.75980398        0.90724271        0.83282712
cg14008030        0.52349598        0.56275031        0.53650176
cg12045430        0.12393748        0.11151308        0.10958567
cg20826792        0.31153664        0.26483325        0.16695465
cg00381604        0.06772735        0.07430537        0.07108577
cg20253340        0.50818179        0.43726990        0.55219982
           6164655142_R03C02 6164655167_R05C01 1022421049_R01C01
cg13869341        0.79730771        0.92029085        0.89750179
cg14008030        0.53024160        0.55313216        0.54797921
cg12045430        0.11019136        0.09626614        0.14936275
cg20826792        0.19722079        0.18577348        0.27435147
cg00381604        0.05328138        0.06777934        0.07679244
cg20253340        0.59971930        0.54979869        0.58843783
           1022421049_R03C02 6222421050_R05C01 6229050029_R01C01
cg13869341        0.89792527        0.91464827        0.85831307
cg14008030        0.51155519        0.58365513        0.54491906
cg12045430        0.13392662        0.09601089        0.11664157
cg20826792        0.30177697        0.21033778        0.22467432
cg00381604        0.07642504        0.07052866        0.06613716
cg20253340        0.50095020        0.54687065        0.53867303
           6229050029_R03C02 6229050068_R05C01 6229050085_R01C01
cg13869341        0.78833755        0.91147374        0.90891264
cg14008030        0.52860204        0.51543501        0.54913846
cg12045430        0.11917432        0.12700176        0.12714002
cg20826792        0.23171321        0.25299942        0.28789335
cg00381604        0.07579816        0.08454867        0.05873508
cg20253340        0.60363671        0.56707228        0.54124867
           6229050085_R03C02 6229050102_R05C01 6164655142_R02C01
cg13869341        0.90174825        0.83021723        0.84753543
cg14008030        0.50683310        0.57091489        0.57840200
cg12045430        0.14425717        0.11541829        0.11766786
cg20826792        0.26813688        0.27660034        0.24986696
cg00381604        0.05942794        0.08098921        0.08651999
cg20253340        0.59002913        0.60416901        0.55744110
           6164655142_R04C02 6164655167_R06C01 1022421049_R02C01
cg13869341        0.91183571        0.78822803         0.7759900
cg14008030        0.56992853        0.56239864         0.5159829
cg12045430        0.10949932        0.13581776         0.1103876
cg20826792        0.29937644        0.22090535         0.2377715
cg00381604        0.09879644        0.08815398         0.0673393
cg20253340        0.54074091        0.62053978         0.5048804
           6222421050_R06C01 6229050029_R02C01 6229050029_R04C02
cg13869341        0.78075648        0.92041110        0.85264684
cg14008030        0.50873800        0.50764670        0.50106132
cg12045430        0.10673424        0.11945662        0.12095023
cg20826792        0.22977068        0.20092289        0.24184809
cg00381604        0.05741795        0.08550215        0.06675181
cg20253340        0.46672273        0.53554591        0.49318762
           6229050068_R06C01 6229050085_R02C01 6229050085_R04C02
cg13869341        0.85818685         0.8964202         0.8764221
cg14008030        0.52938372         0.4918697         0.5384275
cg12045430        0.10799724         0.1470553         0.1287689
cg20826792        0.26019447         0.2798691         0.2658815
cg00381604        0.08490037         0.0781644         0.0824656
cg20253340        0.45343432         0.5570665         0.5333699
           6229050102_R06C01 6164655142_R03C01 6164655142_R05C02
cg13869341         0.8031377        0.78510148        0.80389254
cg14008030         0.5592984        0.50105153        0.53452815
cg12045430         0.1067381        0.12030693        0.11507283
cg20826792         0.2584996        0.25012686        0.26271089
cg00381604         0.0710293        0.04829775        0.08674236
cg20253340         0.5581945        0.54696041        0.53830413
           6164655167_R01C02 1022421049_R03C01 1022421049_R05C02
cg13869341        0.85877533        0.86370058        0.85045984
cg14008030        0.53173820        0.54255272        0.52231401
cg12045430        0.11347087        0.13052398        0.11469252
cg20826792        0.22090183        0.24116682        0.24686657
cg00381604        0.07314163        0.07800671        0.06326539
cg20253340        0.53569248        0.59593200        0.53928589
           6222421050_R01C02 6229050029_R05C02 6229050068_R01C02
cg13869341        0.81474377        0.93022979         0.9240412
cg14008030        0.53842936        0.52617797         0.5368085
cg12045430        0.13981635        0.11105496         0.1346308
cg20826792        0.23427540        0.20229889         0.2594018
cg00381604        0.08315152        0.07859922         0.1059561
cg20253340        0.59268399        0.50460342         0.6481668
           6229050085_R03C01 6229050085_R05C02 6164655142_R04C01
cg13869341        0.81387076        0.93698963        0.85004659
cg14008030        0.56556478        0.53771068        0.59329053
cg12045430        0.11643069        0.11358546        0.10015227
cg20826792        0.22284037        0.22988870        0.22848115
cg00381604        0.06805734        0.08815602        0.07072517
cg20253340        0.51899233        0.58378304        0.71375528
           6164655167_R02C02 6229050102_R01C02 1022421049_R06C02
cg13869341        0.84771076        0.75729405        0.92549775
cg14008030        0.52411885        0.52141038        0.51964774
cg12045430        0.15016385        0.11245785        0.09716692
cg20826792        0.27225173        0.26012270        0.23272005
cg00381604        0.06176433        0.06876011        0.04996370
cg20253340        0.48091790        0.55025792        0.46190842
           6222421050_R02C02 6229050029_R06C02 6229050068_R02C02
cg13869341         0.8998435         0.9331850         0.8829398
cg14008030         0.5479067         0.5409168         0.5359688
cg12045430         0.1286691         0.1301552         0.1591835
cg20826792         0.2064935         0.2428568         0.2727481
cg00381604         0.0784219         0.0665800         0.1104093
cg20253340         0.6175207         0.4540171         0.4706368
           6229050085_R04C01 6229050085_R06C02 6164655142_R05C01
cg13869341         0.8568284        0.79560422        0.78607241
cg14008030         0.5295013        0.51501068        0.52741028
cg12045430         0.1409853        0.12794580        0.10147904
cg20826792         0.2687315        0.24790368        0.21931189
cg00381604         0.0788818        0.05925697        0.06467158
cg20253340         0.5893673        0.52167066        0.51050269
           6164655167_R01C01 6164655167_R03C02 1022421049_R05C01
cg13869341         0.8034136        0.85517650        0.82512148
cg14008030         0.5364297        0.56718835        0.52208592
cg12045430         0.1393679        0.11393069        0.12971605
cg20826792         0.2492148        0.23159317        0.20264016
cg00381604         0.1023713        0.08963373        0.07370173
cg20253340         0.5739837        0.57420506        0.56391569
           6222421050_R01C01 6222421050_R03C02 6229050029_R05C01
cg13869341        0.91439072        0.81447041        0.92413196
cg14008030        0.50434270        0.53325014        0.53326136
cg12045430        0.12557239        0.10551953        0.11318804
cg20826792        0.25677315        0.19507102        0.20537539
cg00381604        0.09389334        0.08209866        0.07202702
cg20253340        0.52676818        0.54444135        0.59905381
           6229050068_R01C01 6229050068_R03C02 6229050085_R05C01
cg13869341        0.83689208        0.81124638        0.86120155
cg14008030        0.53314528        0.49063726        0.55882723
cg12045430        0.13264688        0.14014624        0.10955132
cg20826792        0.23554729        0.25051320        0.24884154
cg00381604        0.08519291        0.09364249        0.08737341
cg20253340        0.57175305        0.46771598        0.43974112
           6229050102_R01C01 6164655142_R06C01 6164655167_R02C01
cg13869341        0.79713745        0.78133155         0.8455692
cg14008030        0.52943267        0.57661353         0.5452261
cg12045430        0.14198871        0.10204899         0.1369094
cg20826792        0.23609018        0.21119899         0.1871328
cg00381604        0.07119264        0.08279825         0.1005953
cg20253340        0.59939288        0.59270796         0.5502577
           6164655167_R04C02 1022421049_R06C01 6222421050_R02C01
cg13869341        0.76615952        0.82899433        0.90530750
cg14008030        0.52063194        0.53430086        0.55050276
cg12045430        0.10926814        0.10097276        0.13005383
cg20826792        0.24391994        0.27621364        0.24263822
cg00381604        0.07313419        0.09163105        0.06608564
cg20253340        0.53100982        0.59978158        0.51309218
           6222421050_R04C02 6229050029_R06C01 6229050068_R02C01
cg13869341         0.8764395        0.81421241        0.80872343
cg14008030         0.5406398        0.58920361        0.51400063
cg12045430         0.1108555        0.12193597        0.12337106
cg20826792         0.1654785        0.21196201        0.23378068
cg00381604         0.0820591        0.06824549        0.08379482
cg20253340         0.4615578        0.52375558        0.56732645
           6229050102_R02C01 6164655142_R01C02 6164655167_R03C01
cg13869341        0.81038841        0.90073643        0.90653331
cg14008030        0.56854008        0.54205569        0.55645418
cg12045430        0.12410121        0.12976070        0.11200718
cg20826792        0.26657187        0.19590265        0.23585978
cg00381604        0.07407938        0.07017615        0.05822252
cg20253340        0.50480254        0.45394039        0.48401713
           6164655167_R05C02 1022421049_R01C02 6222421050_R03C01
cg13869341        0.91771639        0.83621818        0.85094392
cg14008030        0.54907135        0.55633658        0.58131033
cg12045430        0.10481765        0.09665757        0.10891653
cg20826792        0.23567866        0.21948867        0.24079512
cg00381604        0.07723357        0.07340162        0.07344924
cg20253340        0.49109647        0.55461472        0.50382556
           6222421050_R05C02 6229050029_R01C02 6229050068_R03C01
cg13869341        0.92602571        0.83913489        0.92103958
cg14008030        0.54699482        0.52757752        0.57170998
cg12045430        0.10712414        0.12690872        0.14579710
cg20826792        0.21788623        0.24792838        0.26487621
cg00381604        0.06734509        0.07953658        0.07308594
cg20253340        0.54055409        0.59169157        0.47382221
           6229050068_R05C02 6229050085_R01C02 6229050102_R02C02
cg13869341         0.8349885        0.87562426        0.78721650
cg14008030         0.5134068        0.56312367        0.49703166
cg12045430         0.1464283        0.12237779        0.12214401
cg20826792         0.2709685        0.26444469        0.24217375
cg00381604         0.1005453        0.06841721        0.08309265
cg20253340         0.5991965        0.46346315        0.60334951
           6164655167_R04C01 6164655167_R06C02 1022421049_R02C02
cg13869341        0.90943265        0.90428639        0.75690180
cg14008030        0.52546947        0.51293919        0.55836306
cg12045430        0.10709210        0.11100749        0.12069648
cg20826792        0.25035338        0.26856169        0.21530431
cg00381604        0.07912708        0.08316658        0.07119859
cg20253340        0.60729449        0.51274662        0.54700123
           6222421050_R04C01 6222421050_R06C02 6229050029_R02C02
cg13869341         0.8939555        0.92629896        0.87259219
cg14008030         0.5323271        0.53111597        0.53488350
cg12045430         0.1112421        0.10668119        0.14278130
cg20826792         0.2368515        0.17485762        0.22789340
cg00381604         0.0847425        0.06664076        0.08774667
cg20253340         0.5371075        0.50089338        0.46667363
           6229050068_R04C01 6229050085_R02C02 6229050102_R04C01
cg13869341        0.80027033        0.85916245         0.8228802
cg14008030        0.53677678        0.55883435         0.5282884
cg12045430        0.17204937        0.09904642         0.1294886
cg20826792        0.29720414        0.22747140         0.2594660
cg00381604        0.09199528        0.07154212         0.0813162
cg20253340        0.67858959        0.57589831         0.4653891

DMP analysis...
[1] 579
            intercept         beta         t         pval      qval
cg11067907 0.15437119 -0.003174020 -4.947313 9.885406e-07 0.4799483
cg07129523 0.19797799  0.006883343  4.704206 3.192933e-06 0.5936736
cg06842954 0.20923857  0.004878944  4.674716 3.668335e-06 0.5936736
cg13288164 0.51150861  0.007005779  4.608576 4.994493e-06 0.6062215
cg11224765 0.34146966  0.004743733  4.520542 7.487723e-06 0.7270759
cg14865393 0.07545085  0.001204184  4.348156 1.623034e-05 0.9996244
Analysis finished on  Tue Nov 16 10:34:37 2021 
