WARNING: ignoring environment value of R_HOME
Starting analysis on  Tue Nov 16 11:31:48 2021


##################################################################
####                ANALYZING BETAS FOR EPIC                  ####
##################################################################



Minfi loaded successfully
limma
dplyr
IlluminaHumanMethylation450kmanifest
IlluminaHumanMethylation450kanno.ilmn12.hg19

Loading BETAS for epic

BETAS epic 1
[1] 811610    391

BETAS epic 2
[1] 866091    208

betas_epic loaded and merged
[1] 811610    599

Loading epic database


Regicor database loaded!


betas reduced to new size...
[1] 811610    272
[1] 272
           201004220144_R08C01 202995740157_R07C01 201004220160_R02C01
cg00000029           0.4758800           0.3837880           0.4766083
cg00000103           0.8338974           0.8001428           0.8254849
cg00000109           0.7772418           0.7902381           0.8130056
           200999660165_R06C01 202995640019_R04C01 201004220119_R04C01
cg00000029           0.4853952           0.3517822           0.4723864
cg00000103           0.7684544           0.8192083           0.8610591
cg00000109           0.8228323           0.8050128           0.8126540
           201005010152_R05C01 201516340051_R07C01 201004220170_R03C01
cg00000029           0.5073070           0.4739317           0.4292623
cg00000103           0.8032805           0.8183225           0.8555666
cg00000109           0.7414238           0.7681044           0.8250896
           201490020041_R08C01 202995640003_R04C01 203084910186_R02C01
cg00000029           0.3866082           0.3678646           0.3753878
cg00000103           0.7928568           0.8078255           0.8314448
cg00000109           0.8276059           0.7963933           0.8081698
           201005080132_R03C01 202123800090_R01C01 201465850004_R08C01
cg00000029           0.4471550           0.4140233           0.4591893
cg00000103           0.8034696           0.8534084           0.8279532
cg00000109           0.7972048           0.7851072           0.8163560
           201503670055_R08C01 201465860031_R03C01 201465860027_R07C01
cg00000029           0.4729378           0.4864329           0.4007828
cg00000103           0.8243321           0.8190790           0.8343159
cg00000109           0.8018029           0.7435253           0.7609840
           201005010001_R07C01 201005010037_R04C01 201004220140_R03C01
cg00000029           0.3086189           0.4814747           0.4854833
cg00000103           0.8308772           0.7955066           0.8129579
cg00000109           0.7834570           0.8509074           0.8502377
           200999660191_R03C01 200999660032_R01C01 201004220163_R06C01
cg00000029           0.4548550           0.3966550           0.4924039
cg00000103           0.8183060           0.8168755           0.8083692
cg00000109           0.8031952           0.7505801           0.8825034
           200999660032_R02C01 201503670055_R03C01 201516290038_R08C01
cg00000029           0.3580340           0.4306196           0.4384368
cg00000103           0.7616467           0.8837773           0.8151504
cg00000109           0.7862376           0.8083362           0.8551328
           201503670013_R04C01 201516330028_R07C01 201465840035_R06C01
cg00000029           0.4795211           0.4083956           0.4940837
cg00000103           0.8536990           0.8455058           0.8222227
cg00000109           0.7487322           0.8144954           0.7774867
           201503670056_R01C01 201503670081_R08C01 201005080132_R02C01
cg00000029           0.4352745           0.4525964           0.4801747
cg00000103           0.8503029           0.8799623           0.8364995
cg00000109           0.7891523           0.8093204           0.8042629
           201004220140_R02C01 200999660165_R03C01 201005080123_R01C01
cg00000029           0.3724978           0.4987136           0.4216782
cg00000103           0.8653275           0.7541529           0.8388754
cg00000109           0.7597366           0.7691234           0.8083947
           201496860032_R05C01 201004220116_R06C01 201465860026_R03C01
cg00000029           0.4265730           0.4803307           0.4472886
cg00000103           0.7961909           0.8598035           0.8300681
cg00000109           0.8302230           0.7609300           0.8053676
           201503670079_R06C01 201004220036_R02C01 200999660192_R07C01
cg00000029           0.3993235           0.4911812           0.4595037
cg00000103           0.7666741           0.8547685           0.8432118
cg00000109           0.7842724           0.7935185           0.8160894
           201465850048_R05C01 201503670041_R03C01 201516290036_R05C01
cg00000029           0.4997023           0.4464561           0.4970701
cg00000103           0.8536621           0.8584347           0.8162969
cg00000109           0.8145235           0.8688150           0.8386161
           201004220092_R03C01 201004220159_R08C01 201004220159_R06C01
cg00000029           0.5110881           0.4309978           0.5638372
cg00000103           0.8535268           0.7976840           0.8629099
cg00000109           0.6948840           0.7713485           0.8057253
           201004220100_R07C01 201465840053_R05C01 201414140048_R04C01
cg00000029           0.5044056           0.4152965           0.3695087
cg00000103           0.8657079           0.8530989           0.8117977
cg00000109           0.7278005           0.8011941           0.7851926
           201465850005_R08C01 201004220195_R05C01 201004220195_R06C01
cg00000029           0.4178645           0.4696822           0.5000724
cg00000103           0.8479602           0.8315651           0.8264706
cg00000109           0.7907377           0.8162492           0.8888792
           201490020032_R05C01 201005010152_R06C01 201004220130_R08C01
cg00000029           0.4895449           0.4233138           0.5345849
cg00000103           0.7866784           0.8148932           0.8593572
cg00000109           0.8556701           0.7380367           0.8704081
           201516340036_R03C01 201004820122_R02C01 201516290036_R06C01
cg00000029           0.4641000           0.4586163           0.5154434
cg00000103           0.8454432           0.8693206           0.8771155
cg00000109           0.8099351           0.8006125           0.8378584
           201465860026_R05C01 201414140048_R08C01 201503670057_R04C01
cg00000029           0.4568470           0.3856073           0.4026564
cg00000103           0.8639785           0.8411839           0.7946415
cg00000109           0.8112945           0.8581995           0.8186073
           201516340036_R07C01 201005010096_R02C01 201004820122_R08C01
cg00000029           0.5271859           0.4701239           0.4213180
cg00000103           0.8550379           0.7997356           0.8578559
cg00000109           0.8065561           0.8624852           0.8034748
           201465840058_R03C01 201004220073_R06C01 201004220036_R08C01
cg00000029           0.4440767           0.4852517           0.4674770
cg00000103           0.8587556           0.8392331           0.8262704
cg00000109           0.8683284           0.7527053           0.8621497
           203124370054_R03C01 203124370054_R07C01 201465840035_R01C01
cg00000029           0.3682444           0.3529228           0.4481673
cg00000103           0.7954320           0.7660708           0.8509943
cg00000109           0.7877108           0.7535774           0.8114272
           203293440097_R04C01 202995740056_R05C01 203084910185_R02C01
cg00000029           0.3753523           0.3496147           0.4873607
cg00000103           0.7831269           0.8390449           0.8329525
cg00000109           0.8344829           0.7561334           0.7027214
           201004220158_R08C01 201516330028_R04C01 203084910074_R07C01
cg00000029           0.4671086           0.4905915           0.2746580
cg00000103           0.8245627           0.8677061           0.7415741
cg00000109           0.7741518           0.8096940           0.8145677
           202995640019_R08C01 203259060163_R07C01 203257030197_R03C01
cg00000029           0.4236074           0.3077072           0.3833736
cg00000103           0.7857809           0.8312389           0.7800252
cg00000109           0.7982391           0.7880478           0.7699568
           203124370053_R06C01 203259060197_R06C01 203084910185_R06C01
cg00000029           0.3592473           0.3519273           0.3431016
cg00000103           0.8149207           0.8138673           0.8337523
cg00000109           0.7886306           0.7579204           0.7889689
           202995740056_R07C01 202995740072_R08C01 203084910186_R06C01
cg00000029           0.3464029           0.4635740           0.3758303
cg00000103           0.8309729           0.8290754           0.8096179
cg00000109           0.7904754           0.7555398           0.8052975
           202995640003_R06C01 203124370015_R03C01 201465840014_R07C01
cg00000029           0.4375937           0.3149759           0.4583160
cg00000103           0.8243916           0.8456574           0.8632642
cg00000109           0.8061850           0.7497609           0.8345010
           203124370014_R06C01 203259060022_R03C01 202884930105_R01C01
cg00000029           0.3764279           0.4478197           0.4750053
cg00000103           0.8280907           0.7824476           0.7941560
cg00000109           0.8076329           0.7340325           0.7813220
           202995740145_R07C01 203259060163_R05C01 203257030197_R06C01
cg00000029           0.3951941           0.3549044           0.2867349
cg00000103           0.8169307           0.7980012           0.7988384
cg00000109           0.7860469           0.7897035           0.7872011
           202995740072_R03C01 203257030197_R07C01 202995740082_R05C01
cg00000029           0.3793520           0.3585880           0.3449637
cg00000103           0.7811586           0.7815767           0.8282097
cg00000109           0.7332199           0.7322632           0.8043431
           203084910186_R03C01 201004220117_R05C01 201490020032_R04C01
cg00000029           0.3797794           0.5040440           0.4560428
cg00000103           0.8131967           0.7881339           0.8557093
cg00000109           0.7756633           0.8116527           0.8497461
           203124370054_R01C01 202884930005_R08C01 203259060033_R05C01
cg00000029           0.3036786           0.3982503           0.3568132
cg00000103           0.7868430           0.8080592           0.8399713
cg00000109           0.8372387           0.7972859           0.7822124
           203124370014_R01C01 203259060033_R02C01 203124370015_R01C01
cg00000029           0.3719481           0.3909043           0.3660144
cg00000103           0.7995288           0.7749673           0.8029658
cg00000109           0.8164518           0.7608793           0.7620604
           201465840020_R05C01 202995740082_R04C01 202995740159_R01C01
cg00000029           0.4633084           0.4235848           0.3082039
cg00000103           0.8839699           0.8061652           0.8159602
cg00000109           0.7614960           0.7710402           0.7534066
           201004220189_R02C01 202995740056_R08C01 203259060033_R01C01
cg00000029           0.4100454           0.4278359           0.3363186
cg00000103           0.8178864           0.8293063           0.8257810
cg00000109           0.8159264           0.7758575           0.7831674
           202884930005_R06C01 203259060163_R08C01 202995740072_R04C01
cg00000029           0.3505365           0.3777412           0.4213317
cg00000103           0.7796439           0.7605825           0.7927924
cg00000109           0.8041435           0.8393714           0.7797803
           202884930004_R04C01 202884930006_R01C01 202995740056_R01C01
cg00000029           0.4334734           0.3940098           0.3830994
cg00000103           0.8120298           0.7958519           0.8013205
cg00000109           0.8258562           0.7840829           0.7943574
           202995740072_R02C01 203084910102_R01C01 203084910185_R08C01
cg00000029           0.3500990           0.3793436           0.4193926
cg00000103           0.7980340           0.7654748           0.7580255
cg00000109           0.8014232           0.8229887           0.7891662
           203293440097_R06C01 203084910102_R07C01 201465850005_R01C01
cg00000029           0.3618477           0.3217215           0.4144128
cg00000103           0.8004700           0.7746825           0.8380889
cg00000109           0.7806681           0.8172936           0.8487245
           202884930105_R03C01 201516330035_R07C01 201516290038_R02C01
cg00000029           0.3556149           0.3698434           0.5278477
cg00000103           0.8024802           0.8160249           0.8286627
cg00000109           0.7725752           0.8330701           0.8088684
           201503670088_R05C01 202884930105_R04C01 201503670061_R05C01
cg00000029           0.4450647           0.4371988           0.4583101
cg00000103           0.8263137           0.8182149           0.8568426
cg00000109           0.7777359           0.8588065           0.8529716
           202995740082_R01C01 203259060033_R03C01 202995640003_R03C01
cg00000029           0.3412685           0.3549690           0.4008237
cg00000103           0.8045067           0.8060235           0.8173984
cg00000109           0.8025229           0.8285771           0.8124547
           201503670048_R05C01 203293440097_R07C01 201465850041_R02C01
cg00000029           0.3643985           0.2688237           0.4467089
cg00000103           0.8387778           0.7823133           0.8161943
cg00000109           0.7728383           0.7806077           0.8028844
           201005080123_R06C01 201465840019_R03C01 201465860031_R07C01
cg00000029           0.4332096           0.4701889           0.4242800
cg00000103           0.8465395           0.8690142           0.8095582
cg00000109           0.8363017           0.8651929           0.8148009
           201004220170_R08C01 201503670068_R06C01 201516330035_R03C01
cg00000029           0.3261403           0.4884856           0.4659314
cg00000103           0.8215990           0.8766716           0.8618561
cg00000109           0.8367073           0.7680626           0.8267023
           200999660177_R08C01 203257030197_R05C01 202995740082_R06C01
cg00000029           0.4932746           0.3087337           0.3059086
cg00000103           0.8517040           0.8103703           0.8198934
cg00000109           0.8292945           0.8005198           0.7889666
           201465840021_R08C01 200999660177_R01C01 202995740157_R05C01
cg00000029           0.4372473           0.3948408           0.3940157
cg00000103           0.8296790           0.7518153           0.8092889
cg00000109           0.8195090           0.7825978           0.7881549
           201465840020_R08C01 202995740159_R07C01 202884930004_R05C01
cg00000029           0.3871699           0.4225303           0.3825362
cg00000103           0.8568226           0.7964270           0.8270069
cg00000109           0.8078748           0.7819407           0.7975327
           203124370053_R01C01 202995740145_R03C01 202995640003_R08C01
cg00000029           0.4087532           0.4007890           0.4701955
cg00000103           0.7680912           0.7930312           0.8440998
cg00000109           0.7722417           0.7530874           0.7905651
           203259060197_R05C01 202995640019_R05C01 202884930005_R04C01
cg00000029           0.3762898           0.4639324           0.3368029
cg00000103           0.7637110           0.8147596           0.7705106
cg00000109           0.7860862           0.8018948           0.7860860
           203259060163_R04C01 201004220194_R07C01 203259060197_R01C01
cg00000029           0.3289064           0.4286780           0.3642087
cg00000103           0.7780881           0.8100102           0.7887809
cg00000109           0.8417059           0.8511832           0.7987122
           201516310047_R01C01 201005010001_R04C01 203259060022_R01C01
cg00000029           0.4334323           0.3780888           0.3513713
cg00000103           0.8399409           0.7961089           0.7718556
cg00000109           0.8096985           0.7764688           0.7946721
           203124370015_R04C01 203084910102_R05C01 203124370053_R08C01
cg00000029           0.4219917           0.3196436           0.3573286
cg00000103           0.8237824           0.7906668           0.7751828
cg00000109           0.7846725           0.7784769           0.7902221
           202884930006_R02C01 201005080126_R04C01 201004220092_R02C01
cg00000029           0.3727901           0.4633545           0.3206406
cg00000103           0.8136508           0.8459582           0.8207805
cg00000109           0.7651267           0.8131362           0.7995493
           203259060022_R02C01 202884930105_R05C01 202884930004_R02C01
cg00000029           0.3140240           0.3972886           0.3958078
cg00000103           0.7927183           0.8105026           0.8128005
cg00000109           0.7835233           0.8122526           0.7947361
           201465860028_R02C01 202995740159_R03C01 203084910074_R05C01
cg00000029           0.4440003           0.3930452           0.4261244
cg00000103           0.8370974           0.8216813           0.7873679
cg00000109           0.8215443           0.7969750           0.7611953
           201465860028_R05C01 202884930006_R03C01 203124370014_R04C01
cg00000029           0.4425012           0.3043914           0.3716591
cg00000103           0.8590695           0.8035061           0.8137236
cg00000109           0.7685937           0.7694575           0.7838798
           202884930006_R07C01 202884930005_R03C01 201503670081_R03C01
cg00000029           0.4272201           0.4028243           0.4139098
cg00000103           0.8144462           0.8156100           0.8318440
cg00000109           0.8151559           0.7966592           0.8258760
           202995740157_R08C01 201503670088_R08C01 201004220130_R05C01
cg00000029           0.4305765           0.4852639           0.4687302
cg00000103           0.8735538           0.8149458           0.8745976
cg00000109           0.7514060           0.8062957           0.8445863
           201465840034_R05C01 201005010095_R05C01 202995740145_R04C01
cg00000029           0.4960358           0.6065772           0.3828852
cg00000103           0.8309918           0.7857546           0.8082394
cg00000109           0.7639516           0.7556182           0.7291660
           201516340051_R02C01 201004220119_R08C01 201465840058_R02C01
cg00000029           0.3929274           0.4773821           0.4564617
cg00000103           0.8112221           0.7886819           0.8496370
cg00000109           0.8782696           0.7771128           0.8648380
           203084910074_R02C01 201004220144_R01C01 201005010096_R06C01
cg00000029           0.3599181           0.4429853           0.4055052
cg00000103           0.8212924           0.8364448           0.8074843
cg00000109           0.7855837           0.7996472           0.7923175
           201465850006_R01C01 201005080126_R05C01 201465850012_R01C01
cg00000029           0.3653769           0.4736798           0.4007033
cg00000103           0.8334592           0.7982177           0.8461415
cg00000109           0.8243499           0.7775636           0.7784228
           201516330041_R04C01 201465840014_R08C01 201004220150_R06C01
cg00000029           0.3685400           0.4247519           0.3967773
cg00000103           0.8483217           0.8317809           0.8278108
cg00000109           0.8214634           0.8424906           0.8588088
           201465850047_R06C01 201004220158_R04C01 201503670019_R02C01
cg00000029           0.4342916           0.4539678           0.3978330
cg00000103           0.8381816           0.8345125           0.8306064
cg00000109           0.7582527           0.8284302           0.7957865
           201465850006_R06C01 201503670056_R07C01 201503670014_R05C01
cg00000029           0.4014766           0.3657190           0.4530608
cg00000103           0.8327175           0.8637882           0.8256916
cg00000109           0.8849777           0.8589575           0.7990302
           201465850012_R05C01 201005080131_R05C01 201490020041_R07C01
cg00000029           0.3380934           0.5749798           0.4502416
cg00000103           0.8680905           0.8445961           0.8436570
cg00000109           0.7978436           0.8003297           0.8192265
           201516290012_R07C01 201465860027_R08C01 201496860032_R04C01
cg00000029           0.4370601           0.4758314           0.4160691
cg00000103           0.8646253           0.8657282           0.8192439
cg00000109           0.8176247           0.7772140           0.7862943
           201503670019_R05C01 201496710183_R07C01 201503670048_R02C01
cg00000029           0.4324184           0.3591681           0.4174007
cg00000103           0.8631717           0.8436648           0.8103804
cg00000109           0.8051186           0.8029786           0.8743857
           201496850066_R05C01 201516310048_R08C01 201004220165_R05C01
cg00000029           0.4647203           0.5163609           0.4042643
cg00000103           0.8243743           0.8594821           0.8174666
cg00000109           0.8459184           0.8337145           0.7758393
           201004220100_R04C01 201004220116_R04C01 201465840027_R08C01
cg00000029           0.4185857           0.4409032           0.4418963
cg00000103           0.8100928           0.7614996           0.8350576
cg00000109           0.7811099           0.7924718           0.8155636
           201503670057_R06C01 201503670014_R03C01 201004220163_R08C01
cg00000029           0.4014909           0.5254181           0.4229461
cg00000103           0.8140332           0.8707856           0.8731584
cg00000109           0.7566690           0.8508587           0.8397468
           201465840053_R03C01 201004220160_R06C01 200999660192_R02C01
cg00000029           0.5238799           0.5555963           0.4669647
cg00000103           0.8538315           0.8400402           0.8502700
cg00000109           0.8011458           0.7991155           0.8100601
           201465850049_R07C01 201516330041_R05C01 201465840019_R01C01
cg00000029           0.3916824           0.5700413           0.4432067
cg00000103           0.8473316           0.8612394           0.8403165
cg00000109           0.8076032           0.7956102           0.8486661
           201004220078_R02C01 201503670041_R07C01 201496710183_R06C01
cg00000029           0.5254486           0.4434679           0.5115949
cg00000103           0.8390831           0.8414864           0.8541526
cg00000109           0.8080550           0.8480714           0.7973954
           201465840052_R01C01 200999660191_R04C01 201004220210_R05C01
cg00000029           0.3980377           0.4622626           0.4615262
cg00000103           0.8793414           0.8543233           0.8366573
cg00000109           0.8634903           0.8503785           0.7997539
           201503670061_R06C01 201503670103_R06C01 201465850004_R05C01
cg00000029           0.4192338           0.4574306           0.5059274
cg00000103           0.8498746           0.8385178           0.8378736
cg00000109           0.8412390           0.7699071           0.8117947
           201465840052_R08C01 201004220118_R04C01 201004220210_R07C01
cg00000029           0.4504918           0.4333626           0.4069370
cg00000103           0.8461482           0.8419965           0.8330565
cg00000109           0.8457962           0.7837405           0.7753890
           203084910185_R03C01 203293440097_R01C01 201004220102_R06C01
cg00000029           0.3752297           0.3947460           0.4250893
cg00000103           0.8055508           0.7887405           0.8044619
cg00000109           0.8137593           0.7507318           0.8366067
           202123800090_R03C01 201004820096_R08C01 201004220132_R08C01
cg00000029           0.4888737           0.5094470           0.4212168
cg00000103           0.8291339           0.8503766           0.8256587
cg00000109           0.8278000           0.7548640           0.8245183
           203259060022_R04C01 203084910186_R07C01 201005080131_R07C01
cg00000029           0.3991618           0.2960618           0.4594274
cg00000103           0.7351811           0.8074967           0.8346901
cg00000109           0.7620650           0.7658670           0.8423661
           201004220165_R07C01 201004220102_R02C01 201516310048_R02C01
cg00000029           0.4442725           0.4363537           0.4380661
cg00000103           0.8392211           0.8149161           0.7900394
cg00000109           0.7522622           0.8310688           0.7830857
           201503670013_R03C01 201004820096_R05C01 201465850049_R05C01
cg00000029           0.5164400           0.4598344           0.4405711
cg00000103           0.8769743           0.8322161           0.8031022
cg00000109           0.8393203           0.8139112           0.8074719
           201004220118_R05C01 200999660184_R03C01 201465840021_R04C01
cg00000029           0.4402915           0.5445163           0.5099037
cg00000103           0.8537636           0.8326888           0.8460753
cg00000109           0.7932997           0.8323856           0.8224158
           201465850047_R08C01 201465840034_R04C01 201004220194_R08C01
cg00000029            0.490179           0.3921917           0.3695311
cg00000103            0.807209           0.8543799           0.8776785
cg00000109            0.757519           0.8471190           0.7849461
           201004220073_R05C01 201005010037_R05C01 201004820059_R07C01
cg00000029           0.5375944           0.5024369           0.4597295
cg00000103           0.8148043           0.8465960           0.8696125
cg00000109           0.8338876           0.7605834           0.8194865
           201516310047_R05C01 201004220117_R06C01 203084910102_R04C01
cg00000029           0.4308785           0.4423567           0.2710980
cg00000103           0.7875198           0.8939514           0.8152820
cg00000109           0.7972643           0.8305313           0.8201302
           203124370054_R05C01 202995740157_R01C01
cg00000029           0.3926832           0.3669062
cg00000103           0.7784969           0.8220703
cg00000109           0.7868743           0.7929909

DMP analysis...
[1] 272
            intercept         beta         t         pval       qval
cg26709579 0.65871002  0.008170980  5.257989 2.964821e-07 0.09825748
cg14692377 0.20016318  0.006586758  5.136443 5.370142e-07 0.09825748
cg10951120 0.10870173 -0.003030117 -5.135745 5.388340e-07 0.09825748
cg22197616 0.05586498 -0.001646991 -5.103749 6.289252e-07 0.09825748
cg18889183 0.06312423 -0.001432881 -5.066596 7.519138e-07 0.09825748
cg11471805 0.86158862  0.004867055  4.962280 1.234945e-06 0.10989837
Analysis finished on  Tue Nov 16 11:37:48 2021 
