WARNING: ignoring environment value of R_HOME
[1] "Tue Dec 14 11:34:31 2021"
[1] "libraries"
[1] "loading files"
[1] "/home/jdominguez1/B64_DIAMETR/Scripts/WHI/sv/mds/pheno_sva_2.csv"
[1] "/home/jdominguez1/meth/mvals_z_4sd.RData"
[1] "mds"
[1] "/home/jdominguez1/B64_DIAMETR/Scripts/WHI/sv/mds/num_covar.sh"
[1] "/home/jdominguez1/B64_DIAMETR/Scripts/WHI/sv/mds/chr_covar.sh"
[1] "/home/jdominguez1/B64_DIAMETR/Scripts/WHI/sv/mds"
[1] "model_2sva_mds"
[1] "Load Pheno"
         CD8T       CD4T         NK      Bcell       Mono      Gran AGE
1 0.061943725 0.27568608 0.16516399 0.11123658 0.17659598 0.2482576  64
2 0.081198619 0.06963637 0.05424570 0.04697695 0.11289852 0.6580138  57
3 0.008634322 0.16914383 0.09992793 0.07461454 0.07704890 0.5934211  68
4 0.016417426 0.20588560 0.06090897 0.08275327 0.09195952 0.5586001  62
5 0.016034726 0.21360952 0.03254769 0.03473417 0.06335019 0.6499472  55
6 0.083611965 0.14536596 0.12861383 0.05519101 0.08523253 0.5384358  62
  F60ENRGY SMOKING             Slide mds         sva1         sva2
1 1237.716       0 9482800090_R04C01   5 -0.016600163  0.039485636
2 1071.260       0 9553728036_R02C02   5 -0.040914170 -0.018639382
3 2596.676       0 9482800007_R03C01   6  0.009966238 -0.011002360
4 1544.939       1 9482800128_R04C02   4  0.007529321 -0.024038979
5 2144.237       0 9553728100_R05C01   1 -0.025952374 -0.025274513
6 1643.618       2 9553728095_R06C01   4 -0.013987279 -0.005673874
[1] "Load covariates"
         V1
1      CD8T
2      CD4T
3        NK
4     Bcell
5      Mono
6      Gran
7       AGE
8  F60ENRGY
9      sva1
10     sva2
       V1
1 SMOKING
[1] "free_text"
[1] "Load methylation data - mvals"
                  cg00000029 cg00000108 cg00000109
9553728063_R04C02  0.1903593 -0.4175456  1.1712427
9553728063_R02C01  0.6979474 -0.6946419  0.6538851
9553728001_R05C01 -0.5130818  0.6445989  0.4271235
[1] "Same dim"
[1] TRUE
[1] "Dims de mt_val"
[1]   1736 478369
[1] "Pheno variables"
         CD8T       CD4T         NK      Bcell       Mono      Gran AGE
1 0.061943725 0.27568608 0.16516399 0.11123658 0.17659598 0.2482576  64
2 0.081198619 0.06963637 0.05424570 0.04697695 0.11289852 0.6580138  57
3 0.008634322 0.16914383 0.09992793 0.07461454 0.07704890 0.5934211  68
4 0.016417426 0.20588560 0.06090897 0.08275327 0.09195952 0.5586001  62
5 0.016034726 0.21360952 0.03254769 0.03473417 0.06335019 0.6499472  55
6 0.083611965 0.14536596 0.12861383 0.05519101 0.08523253 0.5384358  62
  F60ENRGY         sva1         sva2 SMOKING             Slide mds
1 1237.716 -0.016600163  0.039485636       0 9482800090_R04C01   5
2 1071.260 -0.040914170 -0.018639382       0 9553728036_R02C02   5
3 2596.676  0.009966238 -0.011002360       0 9482800007_R03C01   6
4 1544.939  0.007529321 -0.024038979       1 9482800128_R04C02   4
5 2144.237 -0.025952374 -0.025274513       0 9553728100_R05C01   1
6 1643.618 -0.013987279 -0.005673874       2 9553728095_R06C01   4
 [1] "CD8T"     "CD4T"     "NK"       "Bcell"    "Mono"     "Gran"    
 [7] "AGE"      "F60ENRGY" "sva1"     "sva2"     "SMOKING"  "Slide"   
[13] "mds"     
[1] 1736   13
[1] "cpgs to analyze"
[1]   1736 478369
[1] 478369
[1] "diet=x1"
[1] 5 5 6 4 1
[1] "covar=X"
[1] "cbind(pheno$CD8T,pheno$CD4T,pheno$NK,pheno$Bcell,pheno$Mono,pheno$Gran,pheno$AGE,pheno$F60ENRGY,pheno$sva1,pheno$sva2,factor(pheno$SMOKING))"
[1] "Trying what is in X"
 [1] "CD8T"     "CD4T"     "NK"       "Bcell"    "Mono"     "Gran"    
 [7] "AGE"      "F60ENRGY" "sva1"     "sva2"     "SMOKING" 
[1] "info prior to ewas"
[1] TRUE
[1]   1736 478369
[1]      0 478369
[1] 1736   13
[1] 1736   13
'data.frame':	1736 obs. of  13 variables:
 $ CD8T    : num  0.06194 0.0812 0.00863 0.01642 0.01603 ...
 $ CD4T    : num  0.2757 0.0696 0.1691 0.2059 0.2136 ...
 $ NK      : num  0.1652 0.0542 0.0999 0.0609 0.0325 ...
 $ Bcell   : num  0.1112 0.047 0.0746 0.0828 0.0347 ...
 $ Mono    : num  0.1766 0.1129 0.077 0.092 0.0634 ...
 $ Gran    : num  0.248 0.658 0.593 0.559 0.65 ...
 $ AGE     : int  64 57 68 62 55 62 65 66 51 71 ...
 $ F60ENRGY: num  1238 1071 2597 1545 2144 ...
 $ sva1    : num  -0.0166 -0.04091 0.00997 0.00753 -0.02595 ...
 $ sva2    : num  0.0395 -0.0186 -0.011 -0.024 -0.0253 ...
 $ SMOKING : int  0 0 0 1 0 2 0 0 0 0 ...
 $ Slide   : chr  "9482800090_R04C01" "9553728036_R02C02" "9482800007_R03C01" "9482800128_R04C02" ...
 $ mds     : int  5 5 6 4 1 4 6 6 3 6 ...
NULL
[1] "Linear regresion - EWAS"
